Using pre-set license
Built from '2020.3/staging' branch; Version is '2020.3.6f1 (338bb68529b2) revision 3378102'; Using compiler version '192528614'; Build Type 'Release'
OS: 'Windows 10 Home; OS build 19043.1052; Version 2009; 64bit' Language: 'en' Physical Memory: 16324 MB
BatchMode: 1, IsHumanControllingUs: 0, StartBugReporterOnCrash: 0, Is64bit: 1, IsPro: 0

 COMMAND LINE ARGUMENTS:
C:\Program Files\Unity\Hub\Editor\2020.3.6f1\Editor\Unity.exe
-adb2
-batchMode
-noUpm
-name
AssetImportWorker0
-projectPath
D:/mrhat/Documents/Unity Projects/SumoChampion
-logFile
Logs/AssetImportWorker0.log
-srvPort
63468
Successfully changed project path to: D:/mrhat/Documents/Unity Projects/SumoChampion
D:/mrhat/Documents/Unity Projects/SumoChampion
Using Asset Import Pipeline V2.
Refreshing native plugins compatible for Editor in 22.38 ms, found 0 plugins.
Preloading 0 native plugins for Editor in 0.00 ms.
Initialize engine version: 2020.3.6f1 (338bb68529b2)
[Subsystems] Discovering subsystems at path C:/Program Files/Unity/Hub/Editor/2020.3.6f1/Editor/Data/Resources/UnitySubsystems
[Subsystems] Discovering subsystems at path D:/mrhat/Documents/Unity Projects/SumoChampion/Assets
GfxDevice: creating device client; threaded=0
Direct3D:
    Version:  Direct3D 11.0 [level 11.1]
    Renderer: NVIDIA GeForce GTX 1070 (ID=0x1b81)
    Vendor:   
    VRAM:     8088 MB
    Driver:   27.21.14.6677
Initialize mono
Mono path[0] = 'C:/Program Files/Unity/Hub/Editor/2020.3.6f1/Editor/Data/Managed'
Mono path[1] = 'C:/Program Files/Unity/Hub/Editor/2020.3.6f1/Editor/Data/MonoBleedingEdge/lib/mono/unityjit'
Mono config path = 'C:/Program Files/Unity/Hub/Editor/2020.3.6f1/Editor/Data/MonoBleedingEdge/etc'
Using monoOptions --debugger-agent=transport=dt_socket,embedding=1,server=y,suspend=n,address=127.0.0.1:56716
Begin MonoManager ReloadAssembly
Registering precompiled unity dll's ...
Register platform support module: C:/Program Files/Unity/Hub/Editor/2020.3.6f1/Editor/Data/PlaybackEngines/WebGLSupport/UnityEditor.WebGL.Extensions.dll
Register platform support module: C:/Program Files/Unity/Hub/Editor/2020.3.6f1/Editor/Data/PlaybackEngines/MacStandaloneSupport/UnityEditor.OSXStandalone.Extensions.dll
Register platform support module: C:/Program Files/Unity/Hub/Editor/2020.3.6f1/Editor/Data/PlaybackEngines/WindowsStandaloneSupport/UnityEditor.WindowsStandalone.Extensions.dll
Registered in 0.002440 seconds.
Native extension for WindowsStandalone target not found
Native extension for OSXStandalone target not found
Native extension for WebGL target not found
Refreshing native plugins compatible for Editor in 22.29 ms, found 0 plugins.
Preloading 0 native plugins for Editor in 0.00 ms.
Mono: successfully reloaded assembly
- Completed reload, in  1.010 seconds
Platform modules already initialized, skipping
Registering precompiled user dll's ...
Registered in 0.000488 seconds.
Begin MonoManager ReloadAssembly
Native extension for WindowsStandalone target not found
Native extension for OSXStandalone target not found
Native extension for WebGL target not found
Refreshing native plugins compatible for Editor in 0.15 ms, found 0 plugins.
Preloading 0 native plugins for Editor in 0.00 ms.
Mono: successfully reloaded assembly
- Completed reload, in  0.643 seconds
Platform modules already initialized, skipping
========================================================================
Worker process is ready to serve import requests
Launched and connected shader compiler UnityShaderCompiler.exe after 0.03 seconds
Refreshing native plugins compatible for Editor in 0.16 ms, found 0 plugins.
Preloading 0 native plugins for Editor in 0.00 ms.
Unloading 1124 Unused Serialized files (Serialized files now loaded: 0)
System memory in use before: 69.7 MB.
System memory in use after: 69.7 MB.

Unloading 10 unused Assets to reduce memory usage. Loaded Objects now: 1581.
Total: 1.193900 ms (FindLiveObjects: 0.103900 ms CreateObjectMapping: 0.029200 ms MarkObjects: 0.999400 ms  DeleteObjects: 0.060700 ms)

========================================================================
Received Import Request.
  path: Assets/Scenes/TitleScreen.cs
  artifactKey: Guid(eee98ee292e97124c96cf56bb30a1011) Importer(815301076,1909f56bfc062723c751e8b465ee728b)
Start importing Assets/Scenes/TitleScreen.cs using Guid(eee98ee292e97124c96cf56bb30a1011) Importer(815301076,1909f56bfc062723c751e8b465ee728b)  -> (artifact id: 'dfcc33a27b317e6660f7d68d801cd68b') in 0.028373 seconds
  Import took 0.029780 seconds .

========================================================================
Received Prepare
Registering precompiled user dll's ...
Registered in 0.000480 seconds.
Begin MonoManager ReloadAssembly
Native extension for WindowsStandalone target not found
Native extension for OSXStandalone target not found
Native extension for WebGL target not found
Refreshing native plugins compatible for Editor in 0.15 ms, found 0 plugins.
Preloading 0 native plugins for Editor in 0.00 ms.
Mono: successfully reloaded assembly
- Completed reload, in  0.584 seconds
Platform modules already initialized, skipping
Refreshing native plugins compatible for Editor in 0.16 ms, found 0 plugins.
Preloading 0 native plugins for Editor in 0.00 ms.
Unloading 1118 Unused Serialized files (Serialized files now loaded: 0)
System memory in use before: 69.6 MB.
System memory in use after: 69.7 MB.

Unloading 6 unused Assets to reduce memory usage. Loaded Objects now: 1583.
Total: 1.452000 ms (FindLiveObjects: 0.105100 ms CreateObjectMapping: 0.028700 ms MarkObjects: 1.274800 ms  DeleteObjects: 0.042700 ms)

========================================================================
Received Import Request.
  Time since last request: 12.748208 seconds.
  path: Assets/Scenes/Title Screen.unity
  artifactKey: Guid(91cea06ef95b5c24baf94855f9eb6fcf) Importer(815301076,1909f56bfc062723c751e8b465ee728b)
Start importing Assets/Scenes/Title Screen.unity using Guid(91cea06ef95b5c24baf94855f9eb6fcf) Importer(815301076,1909f56bfc062723c751e8b465ee728b)  -> (artifact id: 'aa7a6b2f0d3769bf5097e48d8c912532') in 0.012594 seconds
  Import took 0.013954 seconds .

========================================================================
Received Import Request.
  Time since last request: 1.167651 seconds.
  path: Assets/Scenes/SampleScene.unity
  artifactKey: Guid(9fc0d4010bbf28b4594072e72b8655ab) Importer(815301076,1909f56bfc062723c751e8b465ee728b)
Start importing Assets/Scenes/SampleScene.unity using Guid(9fc0d4010bbf28b4594072e72b8655ab) Importer(815301076,1909f56bfc062723c751e8b465ee728b)  -> (artifact id: '1b788ab645a5e851d69070b2b4a5f719') in 0.005966 seconds
  Import took 0.007551 seconds .

========================================================================
Received Import Request.
  Time since last request: 0.000602 seconds.
  path: Assets/Scenes/SampleScene.unity
  artifactKey: Guid(9fc0d4010bbf28b4594072e72b8655ab) Importer(815301076,1909f56bfc062723c751e8b465ee728b)
Start importing Assets/Scenes/SampleScene.unity using Guid(9fc0d4010bbf28b4594072e72b8655ab) Importer(815301076,1909f56bfc062723c751e8b465ee728b)  -> (artifact id: '1b788ab645a5e851d69070b2b4a5f719') in 0.001391 seconds
  Import took 0.002720 seconds .

========================================================================
Received Import Request.
  Time since last request: 7.151079 seconds.
  path: Assets/Scenes/Game.unity
  artifactKey: Guid(9fc0d4010bbf28b4594072e72b8655ab) Importer(815301076,1909f56bfc062723c751e8b465ee728b)
Start importing Assets/Scenes/Game.unity using Guid(9fc0d4010bbf28b4594072e72b8655ab) Importer(815301076,1909f56bfc062723c751e8b465ee728b)  -> (artifact id: '2c653438bebba894c5b51b1e34df1910') in 0.007182 seconds
  Import took 0.008549 seconds .

========================================================================
Received Import Request.
  Time since last request: 14.853452 seconds.
  path: Assets/Prefabs/Platform.prefab
  artifactKey: Guid(5a7404aa3ae12ea4b9d5df5ecf1cf056) Importer(815301076,1909f56bfc062723c751e8b465ee728b)
Start importing Assets/Prefabs/Platform.prefab using Guid(5a7404aa3ae12ea4b9d5df5ecf1cf056) Importer(815301076,1909f56bfc062723c751e8b465ee728b)  -> (artifact id: 'f9d3b151e9deafd9cf6240c45fbcc6be') in 0.063244 seconds
  Import took 0.064706 seconds .

========================================================================
Received Import Request.
  Time since last request: 3.568338 seconds.
  path: Assets/Prefabs/CameraPivot.prefab
  artifactKey: Guid(185a4b00c603a9c4aaaad1a4a99d92b9) Importer(815301076,1909f56bfc062723c751e8b465ee728b)
Start importing Assets/Prefabs/CameraPivot.prefab using Guid(185a4b00c603a9c4aaaad1a4a99d92b9) Importer(815301076,1909f56bfc062723c751e8b465ee728b)  -> (artifact id: '0ea74cdfc0fbd0dcf1764d6be42ce4a2') in 0.008098 seconds
  Import took 0.009661 seconds .

========================================================================
Received Prepare
Refreshing native plugins compatible for Editor in 0.55 ms, found 0 plugins.
Preloading 0 native plugins for Editor in 0.00 ms.
Unloading 3 Unused Serialized files (Serialized files now loaded: 0)
System memory in use before: 50.8 MB.
System memory in use after: 50.9 MB.

Unloading 3 unused Assets to reduce memory usage. Loaded Objects now: 1591.
Total: 1.901800 ms (FindLiveObjects: 0.165000 ms CreateObjectMapping: 0.059800 ms MarkObjects: 1.625200 ms  DeleteObjects: 0.050600 ms)

========================================================================
Received Prepare
Registering precompiled user dll's ...
Registered in 0.000470 seconds.
Begin MonoManager ReloadAssembly
Native extension for WindowsStandalone target not found
Native extension for OSXStandalone target not found
Native extension for WebGL target not found
Refreshing native plugins compatible for Editor in 0.15 ms, found 0 plugins.
Preloading 0 native plugins for Editor in 0.00 ms.
Mono: successfully reloaded assembly
- Completed reload, in  0.573 seconds
Platform modules already initialized, skipping
Refreshing native plugins compatible for Editor in 0.16 ms, found 0 plugins.
Preloading 0 native plugins for Editor in 0.00 ms.
Unloading 1118 Unused Serialized files (Serialized files now loaded: 0)
System memory in use before: 72.8 MB.
System memory in use after: 72.9 MB.

Unloading 5 unused Assets to reduce memory usage. Loaded Objects now: 1594.
Total: 1.308400 ms (FindLiveObjects: 0.153200 ms CreateObjectMapping: 0.049300 ms MarkObjects: 1.064500 ms  DeleteObjects: 0.040600 ms)

========================================================================
Received Prepare
Registering precompiled user dll's ...
Registered in 0.000513 seconds.
Begin MonoManager ReloadAssembly
Native extension for WindowsStandalone target not found
Native extension for OSXStandalone target not found
Native extension for WebGL target not found
Refreshing native plugins compatible for Editor in 0.15 ms, found 0 plugins.
Preloading 0 native plugins for Editor in 0.00 ms.
Mono: successfully reloaded assembly
- Completed reload, in  0.580 seconds
Platform modules already initialized, skipping
Refreshing native plugins compatible for Editor in 0.15 ms, found 0 plugins.
Preloading 0 native plugins for Editor in 0.00 ms.
Unloading 1118 Unused Serialized files (Serialized files now loaded: 0)
System memory in use before: 72.9 MB.
System memory in use after: 72.9 MB.

Unloading 5 unused Assets to reduce memory usage. Loaded Objects now: 1597.
Total: 1.220300 ms (FindLiveObjects: 0.096400 ms CreateObjectMapping: 0.027800 ms MarkObjects: 1.055700 ms  DeleteObjects: 0.039500 ms)

========================================================================
Received Import Request.
  Time since last request: 108.611257 seconds.
  path: Assets/Prefabs/CameraPivot.prefab
  artifactKey: Guid(185a4b00c603a9c4aaaad1a4a99d92b9) Importer(815301076,1909f56bfc062723c751e8b465ee728b)
Start importing Assets/Prefabs/CameraPivot.prefab using Guid(185a4b00c603a9c4aaaad1a4a99d92b9) Importer(815301076,1909f56bfc062723c751e8b465ee728b)  -> (artifact id: '956735c5007f415e01e6f27d7fd8df05') in 0.021394 seconds
  Import took 0.022807 seconds .

========================================================================
Received Import Request.
  Time since last request: 23.523568 seconds.
  path: Assets/Prefabs/Enemy.prefab
  artifactKey: Guid(18cb941b1bd212149b8c815b9b8a571c) Importer(815301076,1909f56bfc062723c751e8b465ee728b)
Start importing Assets/Prefabs/Enemy.prefab using Guid(18cb941b1bd212149b8c815b9b8a571c) Importer(815301076,1909f56bfc062723c751e8b465ee728b)  -> (artifact id: '7948344252a88ea95dea67501d9ea9d0') in 0.044996 seconds
  Import took 0.046710 seconds .

========================================================================
Received Prepare
Registering precompiled user dll's ...
Registered in 0.000684 seconds.
Begin MonoManager ReloadAssembly
Native extension for WindowsStandalone target not found
Native extension for OSXStandalone target not found
Native extension for WebGL target not found
Refreshing native plugins compatible for Editor in 0.15 ms, found 0 plugins.
Preloading 0 native plugins for Editor in 0.00 ms.
Mono: successfully reloaded assembly
- Completed reload, in  0.583 seconds
Platform modules already initialized, skipping
Refreshing native plugins compatible for Editor in 0.15 ms, found 0 plugins.
Preloading 0 native plugins for Editor in 0.00 ms.
Unloading 1118 Unused Serialized files (Serialized files now loaded: 0)
System memory in use before: 72.9 MB.
System memory in use after: 73.0 MB.

Unloading 7 unused Assets to reduce memory usage. Loaded Objects now: 1601.
Total: 1.227200 ms (FindLiveObjects: 0.096400 ms CreateObjectMapping: 0.026300 ms MarkObjects: 1.059700 ms  DeleteObjects: 0.044000 ms)

========================================================================
Received Import Request.
  Time since last request: 11.766356 seconds.
  path: Assets/Prefabs/Game
  artifactKey: Guid(6c918311e7ffcaf489581e39aa62b59b) Importer(815301076,1909f56bfc062723c751e8b465ee728b)
Start importing Assets/Prefabs/Game using Guid(6c918311e7ffcaf489581e39aa62b59b) Importer(815301076,1909f56bfc062723c751e8b465ee728b)  -> (artifact id: '4b5dad3b4a5c321df3aa2ae5bdf3ec84') in 0.006288 seconds
  Import took 0.007603 seconds .

========================================================================
Received Import Request.
  Time since last request: 9.063219 seconds.
  path: Assets/Prefabs/Decorative
  artifactKey: Guid(4dbf1f59e28d8a743a0c5688479d0140) Importer(815301076,1909f56bfc062723c751e8b465ee728b)
Start importing Assets/Prefabs/Decorative using Guid(4dbf1f59e28d8a743a0c5688479d0140) Importer(815301076,1909f56bfc062723c751e8b465ee728b)  -> (artifact id: '25fe1f5a06430c0b37c3647284e50554') in 0.006153 seconds
  Import took 0.007631 seconds .

========================================================================
Received Import Request.
  Time since last request: 41.217337 seconds.
  path: Assets/Prefabs/Decorative/PlayerDecor.prefab
  artifactKey: Guid(fd922880b3703f7469360ef8135172d0) Importer(815301076,1909f56bfc062723c751e8b465ee728b)
Start importing Assets/Prefabs/Decorative/PlayerDecor.prefab using Guid(fd922880b3703f7469360ef8135172d0) Importer(815301076,1909f56bfc062723c751e8b465ee728b)  -> (artifact id: 'eba4c34876da3d05d173302c38c6e7cd') in 0.042808 seconds
  Import took 0.044447 seconds .

========================================================================
Received Import Request.
  Time since last request: 34.023965 seconds.
  path: Assets/Prefabs/Decorative/ChargerDecor.prefab
  artifactKey: Guid(2ec6cb679ab5cf24a9d41f8c52954efc) Importer(815301076,1909f56bfc062723c751e8b465ee728b)
Start importing Assets/Prefabs/Decorative/ChargerDecor.prefab using Guid(2ec6cb679ab5cf24a9d41f8c52954efc) Importer(815301076,1909f56bfc062723c751e8b465ee728b)  -> (artifact id: '3c65dc68bb5fa1b760e8f2cfac427bbe') in 0.011428 seconds
  Import took 0.012936 seconds .

========================================================================
Received Import Request.
  Time since last request: 14.779645 seconds.
  path: Assets/Prefabs/Decorative/ChargerDecor 1.prefab
  artifactKey: Guid(e40dcae2ac8f55f4592a7bb272eba4fc) Importer(815301076,1909f56bfc062723c751e8b465ee728b)
Start importing Assets/Prefabs/Decorative/ChargerDecor 1.prefab using Guid(e40dcae2ac8f55f4592a7bb272eba4fc) Importer(815301076,1909f56bfc062723c751e8b465ee728b)  -> (artifact id: '55e1699c704d0fcedaa539ce80e11e26') in 0.010289 seconds
  Import took 0.011900 seconds .

========================================================================
Received Import Request.
  Time since last request: 5.552066 seconds.
  path: Assets/Prefabs/Decorative/ChargerDecor.prefab
  artifactKey: Guid(2ec6cb679ab5cf24a9d41f8c52954efc) Importer(815301076,1909f56bfc062723c751e8b465ee728b)
Start importing Assets/Prefabs/Decorative/ChargerDecor.prefab using Guid(2ec6cb679ab5cf24a9d41f8c52954efc) Importer(815301076,1909f56bfc062723c751e8b465ee728b)  -> (artifact id: '6341168d163cffb0247006eaac7b9fa4') in 0.011697 seconds
  Import took 0.013196 seconds .

========================================================================
Received Import Request.
  Time since last request: 36.706531 seconds.
  path: Assets/Prefabs/Decorative/ChaserDecor.prefab
  artifactKey: Guid(755e722094c669c46bcc198c7f202a27) Importer(815301076,1909f56bfc062723c751e8b465ee728b)
Start importing Assets/Prefabs/Decorative/ChaserDecor.prefab using Guid(755e722094c669c46bcc198c7f202a27) Importer(815301076,1909f56bfc062723c751e8b465ee728b)  -> (artifact id: '9cc914f84ccc77c41b6e77b20055cd2a') in 0.016070 seconds
  Import took 0.017543 seconds .

========================================================================
Received Import Request.
  Time since last request: 0.000589 seconds.
  path: Assets/Prefabs/Decorative/ChaserDecor.prefab
  artifactKey: Guid(755e722094c669c46bcc198c7f202a27) Importer(815301076,1909f56bfc062723c751e8b465ee728b)
Start importing Assets/Prefabs/Decorative/ChaserDecor.prefab using Guid(755e722094c669c46bcc198c7f202a27) Importer(815301076,1909f56bfc062723c751e8b465ee728b)  -> (artifact id: '9cc914f84ccc77c41b6e77b20055cd2a') in 0.006294 seconds
  Import took 0.007806 seconds .

========================================================================
Received Prepare
Registering precompiled user dll's ...
Registered in 0.000478 seconds.
Begin MonoManager ReloadAssembly
Native extension for WindowsStandalone target not found
Native extension for OSXStandalone target not found
Native extension for WebGL target not found
Refreshing native plugins compatible for Editor in 0.16 ms, found 0 plugins.
Preloading 0 native plugins for Editor in 0.00 ms.
Mono: successfully reloaded assembly
- Completed reload, in  0.582 seconds
Platform modules already initialized, skipping
Refreshing native plugins compatible for Editor in 0.15 ms, found 0 plugins.
Preloading 0 native plugins for Editor in 0.00 ms.
Unloading 1118 Unused Serialized files (Serialized files now loaded: 0)
System memory in use before: 72.9 MB.
System memory in use after: 73.0 MB.

Unloading 5 unused Assets to reduce memory usage. Loaded Objects now: 1605.
Total: 1.118800 ms (FindLiveObjects: 0.098500 ms CreateObjectMapping: 0.025400 ms MarkObjects: 0.951200 ms  DeleteObjects: 0.042800 ms)

========================================================================
Received Import Request.
  Time since last request: 409.026397 seconds.
  path: Assets/Scripts/Title Screen
  artifactKey: Guid(a262ccadc825c4c40872c38de0078cdd) Importer(815301076,1909f56bfc062723c751e8b465ee728b)
Start importing Assets/Scripts/Title Screen using Guid(a262ccadc825c4c40872c38de0078cdd) Importer(815301076,1909f56bfc062723c751e8b465ee728b)  -> (artifact id: 'd1422b15d97d922947357f9dbffa9907') in 0.006383 seconds
  Import took 0.007780 seconds .

========================================================================
Received Import Request.
  Time since last request: 16.839825 seconds.
  path: Assets/Scripts/Title Screen/RotateCamera.cs
  artifactKey: Guid(3bcb2da91ef97b64eaae15fa6ca6c0db) Importer(815301076,1909f56bfc062723c751e8b465ee728b)
Start importing Assets/Scripts/Title Screen/RotateCamera.cs using Guid(3bcb2da91ef97b64eaae15fa6ca6c0db) Importer(815301076,1909f56bfc062723c751e8b465ee728b)  -> (artifact id: '0c3f470137f8e85e5f0f0a792d2df682') in 0.006486 seconds
  Import took 0.008190 seconds .

========================================================================
Received Prepare
Registering precompiled user dll's ...
Registered in 0.000475 seconds.
Begin MonoManager ReloadAssembly
Native extension for WindowsStandalone target not found
Native extension for OSXStandalone target not found
Native extension for WebGL target not found
Refreshing native plugins compatible for Editor in 0.16 ms, found 0 plugins.
Preloading 0 native plugins for Editor in 0.00 ms.
Mono: successfully reloaded assembly
- Completed reload, in  0.585 seconds
Platform modules already initialized, skipping
Refreshing native plugins compatible for Editor in 0.15 ms, found 0 plugins.
Preloading 0 native plugins for Editor in 0.00 ms.
Unloading 1119 Unused Serialized files (Serialized files now loaded: 0)
System memory in use before: 72.9 MB.
System memory in use after: 73.0 MB.

Unloading 5 unused Assets to reduce memory usage. Loaded Objects now: 1609.
Total: 1.318300 ms (FindLiveObjects: 0.146000 ms CreateObjectMapping: 0.029600 ms MarkObjects: 1.099000 ms  DeleteObjects: 0.042700 ms)

========================================================================
Received Import Request.
  Time since last request: 43.370371 seconds.
  path: Assets/Scripts/CameraController.cs
  artifactKey: Guid(47d3d42592cf4084b993af5741312cb7) Importer(815301076,1909f56bfc062723c751e8b465ee728b)
Start importing Assets/Scripts/CameraController.cs using Guid(47d3d42592cf4084b993af5741312cb7) Importer(815301076,1909f56bfc062723c751e8b465ee728b)  -> (artifact id: '30a8c2325994d002c2f5bc7abf7f797b') in 0.006383 seconds
  Import took 0.007893 seconds .

========================================================================
Received Prepare
Registering precompiled user dll's ...
Registered in 0.000503 seconds.
Begin MonoManager ReloadAssembly
Native extension for WindowsStandalone target not found
Native extension for OSXStandalone target not found
Native extension for WebGL target not found
Refreshing native plugins compatible for Editor in 0.16 ms, found 0 plugins.
Preloading 0 native plugins for Editor in 0.00 ms.
Mono: successfully reloaded assembly
- Completed reload, in  0.607 seconds
Platform modules already initialized, skipping
Refreshing native plugins compatible for Editor in 0.16 ms, found 0 plugins.
Preloading 0 native plugins for Editor in 0.00 ms.
Unloading 1119 Unused Serialized files (Serialized files now loaded: 0)
System memory in use before: 73.0 MB.
System memory in use after: 73.0 MB.

Unloading 5 unused Assets to reduce memory usage. Loaded Objects now: 1612.
Total: 1.152700 ms (FindLiveObjects: 0.103600 ms CreateObjectMapping: 0.027600 ms MarkObjects: 0.980300 ms  DeleteObjects: 0.040500 ms)

========================================================================
Received Import Request.
  Time since last request: 69.228255 seconds.
  path: Assets/Scripts/Title Screen/RotateCamera.cs
  artifactKey: Guid(3bcb2da91ef97b64eaae15fa6ca6c0db) Importer(815301076,1909f56bfc062723c751e8b465ee728b)
Start importing Assets/Scripts/Title Screen/RotateCamera.cs using Guid(3bcb2da91ef97b64eaae15fa6ca6c0db) Importer(815301076,1909f56bfc062723c751e8b465ee728b)  -> (artifact id: '020b8a05676990de56d7411beae4b1ca') in 0.002865 seconds
  Import took 0.004242 seconds .

========================================================================
Received Import Request.
  Time since last request: 1.246886 seconds.
  path: Assets/Scripts/Title Screen/RotateCamera.cs
  artifactKey: Guid(3bcb2da91ef97b64eaae15fa6ca6c0db) Importer(815301076,1909f56bfc062723c751e8b465ee728b)
Start importing Assets/Scripts/Title Screen/RotateCamera.cs using Guid(3bcb2da91ef97b64eaae15fa6ca6c0db) Importer(815301076,1909f56bfc062723c751e8b465ee728b)  -> (artifact id: '020b8a05676990de56d7411beae4b1ca') in 0.001374 seconds
  Import took 0.002788 seconds .

========================================================================
Received Prepare
Registering precompiled user dll's ...
Registered in 0.000491 seconds.
Begin MonoManager ReloadAssembly
Native extension for WindowsStandalone target not found
Native extension for OSXStandalone target not found
Native extension for WebGL target not found
Refreshing native plugins compatible for Editor in 0.15 ms, found 0 plugins.
Preloading 0 native plugins for Editor in 0.00 ms.
Mono: successfully reloaded assembly
- Completed reload, in  0.596 seconds
Platform modules already initialized, skipping
Refreshing native plugins compatible for Editor in 0.16 ms, found 0 plugins.
Preloading 0 native plugins for Editor in 0.00 ms.
Unloading 1119 Unused Serialized files (Serialized files now loaded: 0)
System memory in use before: 73.0 MB.
System memory in use after: 73.0 MB.

Unloading 5 unused Assets to reduce memory usage. Loaded Objects now: 1615.
Total: 1.806800 ms (FindLiveObjects: 0.272600 ms CreateObjectMapping: 0.051500 ms MarkObjects: 1.415800 ms  DeleteObjects: 0.064900 ms)

========================================================================
Received Import Request.
  Time since last request: 9.905823 seconds.
  path: Assets/Scripts/Title Screen/RotateCamera.cs
  artifactKey: Guid(3bcb2da91ef97b64eaae15fa6ca6c0db) Importer(815301076,1909f56bfc062723c751e8b465ee728b)
Start importing Assets/Scripts/Title Screen/RotateCamera.cs using Guid(3bcb2da91ef97b64eaae15fa6ca6c0db) Importer(815301076,1909f56bfc062723c751e8b465ee728b)  -> (artifact id: 'cf0ade4b9c0fd76ddf684e26ee4ce3f9') in 0.002825 seconds
  Import took 0.004524 seconds .

========================================================================
Received Import Request.
  Time since last request: 0.932723 seconds.
  path: Assets/Scripts/Title Screen/RotateCamera.cs
  artifactKey: Guid(3bcb2da91ef97b64eaae15fa6ca6c0db) Importer(815301076,1909f56bfc062723c751e8b465ee728b)
Start importing Assets/Scripts/Title Screen/RotateCamera.cs using Guid(3bcb2da91ef97b64eaae15fa6ca6c0db) Importer(815301076,1909f56bfc062723c751e8b465ee728b)  -> (artifact id: 'cf0ade4b9c0fd76ddf684e26ee4ce3f9') in 0.001208 seconds
  Import took 0.002568 seconds .

========================================================================
Received Prepare
Registering precompiled user dll's ...
Registered in 0.000489 seconds.
Begin MonoManager ReloadAssembly
Native extension for WindowsStandalone target not found
Native extension for OSXStandalone target not found
Native extension for WebGL target not found
Refreshing native plugins compatible for Editor in 0.16 ms, found 0 plugins.
Preloading 0 native plugins for Editor in 0.00 ms.
Mono: successfully reloaded assembly
- Completed reload, in  0.582 seconds
Platform modules already initialized, skipping
Refreshing native plugins compatible for Editor in 0.16 ms, found 0 plugins.
Preloading 0 native plugins for Editor in 0.00 ms.
Unloading 1119 Unused Serialized files (Serialized files now loaded: 0)
System memory in use before: 73.0 MB.
System memory in use after: 73.0 MB.

Unloading 5 unused Assets to reduce memory usage. Loaded Objects now: 1618.
Total: 1.150800 ms (FindLiveObjects: 0.110600 ms CreateObjectMapping: 0.027700 ms MarkObjects: 0.971200 ms  DeleteObjects: 0.040400 ms)

========================================================================
Received Prepare
Registering precompiled user dll's ...
Registered in 0.000480 seconds.
Begin MonoManager ReloadAssembly
Native extension for WindowsStandalone target not found
Native extension for OSXStandalone target not found
Native extension for WebGL target not found
Refreshing native plugins compatible for Editor in 0.16 ms, found 0 plugins.
Preloading 0 native plugins for Editor in 0.00 ms.
Mono: successfully reloaded assembly
- Completed reload, in  0.645 seconds
Platform modules already initialized, skipping
Refreshing native plugins compatible for Editor in 0.16 ms, found 0 plugins.
Preloading 0 native plugins for Editor in 0.00 ms.
Unloading 1120 Unused Serialized files (Serialized files now loaded: 0)
System memory in use before: 73.0 MB.
System memory in use after: 73.1 MB.

Unloading 5 unused Assets to reduce memory usage. Loaded Objects now: 1622.
Total: 1.426400 ms (FindLiveObjects: 0.188900 ms CreateObjectMapping: 0.048800 ms MarkObjects: 1.139000 ms  DeleteObjects: 0.048700 ms)

========================================================================
Received Import Request.
  Time since last request: 314.577087 seconds.
  path: Assets/Scripts/Title Screen/StartButton.cs
  artifactKey: Guid(be071fe0e4e196a4db324ab3e87401af) Importer(815301076,1909f56bfc062723c751e8b465ee728b)
Start importing Assets/Scripts/Title Screen/StartButton.cs using Guid(be071fe0e4e196a4db324ab3e87401af) Importer(815301076,1909f56bfc062723c751e8b465ee728b)  -> (artifact id: 'f275a331cd45016d6eb407afc290486f') in 0.006032 seconds
  Import took 0.007563 seconds .

========================================================================
Received Prepare
Registering precompiled user dll's ...
Registered in 0.000456 seconds.
Begin MonoManager ReloadAssembly
Native extension for WindowsStandalone target not found
Native extension for OSXStandalone target not found
Native extension for WebGL target not found
Refreshing native plugins compatible for Editor in 0.15 ms, found 0 plugins.
Preloading 0 native plugins for Editor in 0.00 ms.
Mono: successfully reloaded assembly
- Completed reload, in  0.624 seconds
Platform modules already initialized, skipping
Refreshing native plugins compatible for Editor in 0.37 ms, found 0 plugins.
Preloading 0 native plugins for Editor in 0.00 ms.
Unloading 1120 Unused Serialized files (Serialized files now loaded: 0)
System memory in use before: 73.0 MB.
System memory in use after: 73.1 MB.

Unloading 5 unused Assets to reduce memory usage. Loaded Objects now: 1625.
Total: 1.352100 ms (FindLiveObjects: 0.170300 ms CreateObjectMapping: 0.055200 ms MarkObjects: 1.079300 ms  DeleteObjects: 0.046100 ms)

========================================================================
Received Prepare
Registering precompiled user dll's ...
Registered in 0.000518 seconds.
Begin MonoManager ReloadAssembly
Native extension for WindowsStandalone target not found
Native extension for OSXStandalone target not found
Native extension for WebGL target not found
Refreshing native plugins compatible for Editor in 0.29 ms, found 0 plugins.
Preloading 0 native plugins for Editor in 0.00 ms.
Mono: successfully reloaded assembly
- Completed reload, in  0.592 seconds
Platform modules already initialized, skipping
Refreshing native plugins compatible for Editor in 0.16 ms, found 0 plugins.
Preloading 0 native plugins for Editor in 0.00 ms.
Unloading 1120 Unused Serialized files (Serialized files now loaded: 0)
System memory in use before: 73.0 MB.
System memory in use after: 73.1 MB.

Unloading 5 unused Assets to reduce memory usage. Loaded Objects now: 1628.
Total: 1.251200 ms (FindLiveObjects: 0.134100 ms CreateObjectMapping: 0.035400 ms MarkObjects: 1.033900 ms  DeleteObjects: 0.046700 ms)

========================================================================
Received Import Request.
  Time since last request: 307.820225 seconds.
  path: Assets/Scripts/Title Screen/StartButton.cs
  artifactKey: Guid(be071fe0e4e196a4db324ab3e87401af) Importer(815301076,1909f56bfc062723c751e8b465ee728b)
Start importing Assets/Scripts/Title Screen/StartButton.cs using Guid(be071fe0e4e196a4db324ab3e87401af) Importer(815301076,1909f56bfc062723c751e8b465ee728b)  -> (artifact id: '3306975dee16bd00cf6252c12f9796c6') in 0.002936 seconds
  Import took 0.004440 seconds .

========================================================================
Received Import Request.
  Time since last request: 29.569087 seconds.
  path: Assets/Scripts/Title Screen/TitleController.cs
  artifactKey: Guid(be071fe0e4e196a4db324ab3e87401af) Importer(815301076,1909f56bfc062723c751e8b465ee728b)
Start importing Assets/Scripts/Title Screen/TitleController.cs using Guid(be071fe0e4e196a4db324ab3e87401af) Importer(815301076,1909f56bfc062723c751e8b465ee728b)  -> (artifact id: '0ffa2d4b672af0e78272a7e1e8ce0a97') in 0.007900 seconds
  Import took 0.009880 seconds .

========================================================================
Received Prepare
Registering precompiled user dll's ...
Registered in 0.000483 seconds.
Begin MonoManager ReloadAssembly
Native extension for WindowsStandalone target not found
Native extension for OSXStandalone target not found
Native extension for WebGL target not found
Refreshing native plugins compatible for Editor in 0.16 ms, found 0 plugins.
Preloading 0 native plugins for Editor in 0.00 ms.
Mono: successfully reloaded assembly
- Completed reload, in  0.685 seconds
Platform modules already initialized, skipping
Refreshing native plugins compatible for Editor in 0.15 ms, found 0 plugins.
Preloading 0 native plugins for Editor in 0.00 ms.
Unloading 1120 Unused Serialized files (Serialized files now loaded: 0)
System memory in use before: 73.0 MB.
System memory in use after: 73.1 MB.

Unloading 5 unused Assets to reduce memory usage. Loaded Objects now: 1631.
Total: 1.233900 ms (FindLiveObjects: 0.107200 ms CreateObjectMapping: 0.028300 ms MarkObjects: 1.054700 ms  DeleteObjects: 0.042800 ms)

========================================================================
Received Prepare
Registering precompiled user dll's ...
Registered in 0.000496 seconds.
Begin MonoManager ReloadAssembly
Native extension for WindowsStandalone target not found
Native extension for OSXStandalone target not found
Native extension for WebGL target not found
Refreshing native plugins compatible for Editor in 0.16 ms, found 0 plugins.
Preloading 0 native plugins for Editor in 0.00 ms.
Mono: successfully reloaded assembly
- Completed reload, in  0.617 seconds
Platform modules already initialized, skipping
Refreshing native plugins compatible for Editor in 0.15 ms, found 0 plugins.
Preloading 0 native plugins for Editor in 0.00 ms.
Unloading 1120 Unused Serialized files (Serialized files now loaded: 0)
System memory in use before: 73.0 MB.
System memory in use after: 73.1 MB.

Unloading 5 unused Assets to reduce memory usage. Loaded Objects now: 1634.
Total: 1.353300 ms (FindLiveObjects: 0.109800 ms CreateObjectMapping: 0.032200 ms MarkObjects: 1.164500 ms  DeleteObjects: 0.045900 ms)

========================================================================
Received Import Request.
  Time since last request: 51.063574 seconds.
  path: Assets/Scripts/Title Screen/TitleController.cs
  artifactKey: Guid(be071fe0e4e196a4db324ab3e87401af) Importer(815301076,1909f56bfc062723c751e8b465ee728b)
Start importing Assets/Scripts/Title Screen/TitleController.cs using Guid(be071fe0e4e196a4db324ab3e87401af) Importer(815301076,1909f56bfc062723c751e8b465ee728b)  -> (artifact id: 'c89a3d791d8d5cbab7e370348fefc271') in 0.002799 seconds
  Import took 0.004375 seconds .

========================================================================
Received Prepare
Registering precompiled user dll's ...
Registered in 0.000489 seconds.
Begin MonoManager ReloadAssembly
Native extension for WindowsStandalone target not found
Native extension for OSXStandalone target not found
Native extension for WebGL target not found
Refreshing native plugins compatible for Editor in 0.16 ms, found 0 plugins.
Preloading 0 native plugins for Editor in 0.00 ms.
Mono: successfully reloaded assembly
- Completed reload, in  0.576 seconds
Platform modules already initialized, skipping
Refreshing native plugins compatible for Editor in 0.16 ms, found 0 plugins.
Preloading 0 native plugins for Editor in 0.00 ms.
Unloading 1120 Unused Serialized files (Serialized files now loaded: 0)
System memory in use before: 73.0 MB.
System memory in use after: 73.1 MB.

Unloading 5 unused Assets to reduce memory usage. Loaded Objects now: 1637.
Total: 1.297300 ms (FindLiveObjects: 0.105200 ms CreateObjectMapping: 0.030400 ms MarkObjects: 1.117900 ms  DeleteObjects: 0.042700 ms)

========================================================================
Received Import Request.
  Time since last request: 34.985579 seconds.
  path: Assets/Scenes/Game.unity
  artifactKey: Guid(9fc0d4010bbf28b4594072e72b8655ab) Importer(815301076,1909f56bfc062723c751e8b465ee728b)
Start importing Assets/Scenes/Game.unity using Guid(9fc0d4010bbf28b4594072e72b8655ab) Importer(815301076,1909f56bfc062723c751e8b465ee728b)  -> (artifact id: 'd6e387ecc263d067a122bc22ff57b225') in 0.009409 seconds
  Import took 0.010872 seconds .

========================================================================
Received Import Request.
  Time since last request: 34.088305 seconds.
  path: Assets/Scenes/Title Screen.unity
  artifactKey: Guid(91cea06ef95b5c24baf94855f9eb6fcf) Importer(815301076,1909f56bfc062723c751e8b465ee728b)
Start importing Assets/Scenes/Title Screen.unity using Guid(91cea06ef95b5c24baf94855f9eb6fcf) Importer(815301076,1909f56bfc062723c751e8b465ee728b)  -> (artifact id: 'aa375b67dc14de8185d40b6872989ddd') in 0.001697 seconds
  Import took 0.003405 seconds .

========================================================================
Received Import Request.
  Time since last request: 25.828833 seconds.
  path: Assets/Scenes/Game.unity
  artifactKey: Guid(9fc0d4010bbf28b4594072e72b8655ab) Importer(815301076,1909f56bfc062723c751e8b465ee728b)
Start importing Assets/Scenes/Game.unity using Guid(9fc0d4010bbf28b4594072e72b8655ab) Importer(815301076,1909f56bfc062723c751e8b465ee728b)  -> (artifact id: 'cbec6fdbbd379b3f569939bd8e02baae') in 0.002044 seconds
  Import took 0.003505 seconds .

========================================================================
Received Prepare
Registering precompiled user dll's ...
Registered in 0.000481 seconds.
Begin MonoManager ReloadAssembly
Native extension for WindowsStandalone target not found
Native extension for OSXStandalone target not found
Native extension for WebGL target not found
Refreshing native plugins compatible for Editor in 0.15 ms, found 0 plugins.
Preloading 0 native plugins for Editor in 0.00 ms.
Mono: successfully reloaded assembly
- Completed reload, in  0.588 seconds
Platform modules already initialized, skipping
Refreshing native plugins compatible for Editor in 0.15 ms, found 0 plugins.
Preloading 0 native plugins for Editor in 0.00 ms.
Unloading 1120 Unused Serialized files (Serialized files now loaded: 0)
System memory in use before: 73.0 MB.
System memory in use after: 73.1 MB.

Unloading 5 unused Assets to reduce memory usage. Loaded Objects now: 1640.
Total: 1.291900 ms (FindLiveObjects: 0.122800 ms CreateObjectMapping: 0.036400 ms MarkObjects: 1.091500 ms  DeleteObjects: 0.040600 ms)

========================================================================
Received Import Request.
  Time since last request: 20.378069 seconds.
  path: Assets/Scenes/Game.unity
  artifactKey: Guid(9fc0d4010bbf28b4594072e72b8655ab) Importer(815301076,1909f56bfc062723c751e8b465ee728b)
Start importing Assets/Scenes/Game.unity using Guid(9fc0d4010bbf28b4594072e72b8655ab) Importer(815301076,1909f56bfc062723c751e8b465ee728b)  -> (artifact id: '28943fc4d9cf9bb3b2c08e1925fdd563') in 0.011473 seconds
  Import took 0.014001 seconds .

========================================================================
Received Prepare
Registering precompiled user dll's ...
Registered in 0.000481 seconds.
Begin MonoManager ReloadAssembly
Native extension for WindowsStandalone target not found
Native extension for OSXStandalone target not found
Native extension for WebGL target not found
Refreshing native plugins compatible for Editor in 0.15 ms, found 0 plugins.
Preloading 0 native plugins for Editor in 0.00 ms.
Mono: successfully reloaded assembly
- Completed reload, in  0.606 seconds
Platform modules already initialized, skipping
Refreshing native plugins compatible for Editor in 0.16 ms, found 0 plugins.
Preloading 0 native plugins for Editor in 0.00 ms.
Unloading 1120 Unused Serialized files (Serialized files now loaded: 0)
System memory in use before: 73.1 MB.
System memory in use after: 73.1 MB.

Unloading 5 unused Assets to reduce memory usage. Loaded Objects now: 1643.
Total: 1.242800 ms (FindLiveObjects: 0.119000 ms CreateObjectMapping: 0.034900 ms MarkObjects: 1.043900 ms  DeleteObjects: 0.044100 ms)

========================================================================
Received Prepare
Registering precompiled user dll's ...
Registered in 0.000516 seconds.
Begin MonoManager ReloadAssembly
Native extension for WindowsStandalone target not found
Native extension for OSXStandalone target not found
Native extension for WebGL target not found
Refreshing native plugins compatible for Editor in 0.25 ms, found 0 plugins.
Preloading 0 native plugins for Editor in 0.00 ms.
Mono: successfully reloaded assembly
- Completed reload, in  0.644 seconds
Platform modules already initialized, skipping
Refreshing native plugins compatible for Editor in 0.15 ms, found 0 plugins.
Preloading 0 native plugins for Editor in 0.00 ms.
Unloading 1120 Unused Serialized files (Serialized files now loaded: 0)
System memory in use before: 73.1 MB.
System memory in use after: 73.1 MB.

Unloading 5 unused Assets to reduce memory usage. Loaded Objects now: 1646.
Total: 1.345900 ms (FindLiveObjects: 0.109500 ms CreateObjectMapping: 0.029900 ms MarkObjects: 1.159600 ms  DeleteObjects: 0.046100 ms)

AssetImportWorkerClient::OnTransportError - code=2 error=End of file
