Using pre-set license
Built from '2020.3/staging' branch; Version is '2020.3.6f1 (338bb68529b2) revision 3378102'; Using compiler version '192528614'; Build Type 'Release'
OS: 'Windows 10 Home; OS build 19043.1052; Version 2009; 64bit' Language: 'en' Physical Memory: 16324 MB
BatchMode: 1, IsHumanControllingUs: 0, StartBugReporterOnCrash: 0, Is64bit: 1, IsPro: 0

 COMMAND LINE ARGUMENTS:
C:\Program Files\Unity\Hub\Editor\2020.3.6f1\Editor\Unity.exe
-adb2
-batchMode
-noUpm
-name
AssetImportWorker0
-projectPath
D:/mrhat/Documents/Unity Projects/SumoChampion
-logFile
Logs/AssetImportWorker0.log
-srvPort
63187
Successfully changed project path to: D:/mrhat/Documents/Unity Projects/SumoChampion
D:/mrhat/Documents/Unity Projects/SumoChampion
Using Asset Import Pipeline V2.
Refreshing native plugins compatible for Editor in 17.44 ms, found 0 plugins.
Preloading 0 native plugins for Editor in 0.00 ms.
Initialize engine version: 2020.3.6f1 (338bb68529b2)
[Subsystems] Discovering subsystems at path C:/Program Files/Unity/Hub/Editor/2020.3.6f1/Editor/Data/Resources/UnitySubsystems
[Subsystems] Discovering subsystems at path D:/mrhat/Documents/Unity Projects/SumoChampion/Assets
GfxDevice: creating device client; threaded=0
Direct3D:
    Version:  Direct3D 11.0 [level 11.1]
    Renderer: NVIDIA GeForce GTX 1070 (ID=0x1b81)
    Vendor:   
    VRAM:     8088 MB
    Driver:   27.21.14.6677
Initialize mono
Mono path[0] = 'C:/Program Files/Unity/Hub/Editor/2020.3.6f1/Editor/Data/Managed'
Mono path[1] = 'C:/Program Files/Unity/Hub/Editor/2020.3.6f1/Editor/Data/MonoBleedingEdge/lib/mono/unityjit'
Mono config path = 'C:/Program Files/Unity/Hub/Editor/2020.3.6f1/Editor/Data/MonoBleedingEdge/etc'
Using monoOptions --debugger-agent=transport=dt_socket,embedding=1,server=y,suspend=n,address=127.0.0.1:56948
Begin MonoManager ReloadAssembly
Registering precompiled unity dll's ...
Register platform support module: C:/Program Files/Unity/Hub/Editor/2020.3.6f1/Editor/Data/PlaybackEngines/WebGLSupport/UnityEditor.WebGL.Extensions.dll
Register platform support module: C:/Program Files/Unity/Hub/Editor/2020.3.6f1/Editor/Data/PlaybackEngines/MacStandaloneSupport/UnityEditor.OSXStandalone.Extensions.dll
Register platform support module: C:/Program Files/Unity/Hub/Editor/2020.3.6f1/Editor/Data/PlaybackEngines/WindowsStandaloneSupport/UnityEditor.WindowsStandalone.Extensions.dll
Registered in 0.002561 seconds.
Native extension for WindowsStandalone target not found
Native extension for OSXStandalone target not found
Native extension for WebGL target not found
Refreshing native plugins compatible for Editor in 17.39 ms, found 0 plugins.
Preloading 0 native plugins for Editor in 0.00 ms.
Mono: successfully reloaded assembly
- Completed reload, in  1.025 seconds
Platform modules already initialized, skipping
Registering precompiled user dll's ...
Registered in 0.000502 seconds.
Begin MonoManager ReloadAssembly
Native extension for WindowsStandalone target not found
Native extension for OSXStandalone target not found
Native extension for WebGL target not found
Refreshing native plugins compatible for Editor in 0.15 ms, found 0 plugins.
Preloading 0 native plugins for Editor in 0.00 ms.
Mono: successfully reloaded assembly
- Completed reload, in  0.682 seconds
Platform modules already initialized, skipping
========================================================================
Worker process is ready to serve import requests
Launched and connected shader compiler UnityShaderCompiler.exe after 0.04 seconds
Refreshing native plugins compatible for Editor in 0.15 ms, found 0 plugins.
Preloading 0 native plugins for Editor in 0.00 ms.
Unloading 1121 Unused Serialized files (Serialized files now loaded: 0)
System memory in use before: 69.6 MB.
System memory in use after: 69.7 MB.

Unloading 10 unused Assets to reduce memory usage. Loaded Objects now: 1578.
Total: 1.409800 ms (FindLiveObjects: 0.156200 ms CreateObjectMapping: 0.042900 ms MarkObjects: 1.121700 ms  DeleteObjects: 0.088000 ms)

========================================================================
Received Import Request.
  path: Assets/Scripts/Enemy.cs
  artifactKey: Guid(c364e7e51eb3acd4d8a943eaa982788c) Importer(815301076,1909f56bfc062723c751e8b465ee728b)
Start importing Assets/Scripts/Enemy.cs using Guid(c364e7e51eb3acd4d8a943eaa982788c) Importer(815301076,1909f56bfc062723c751e8b465ee728b)  -> (artifact id: '644aa0214da162ff3f1bf53708a9ed7e') in 0.055723 seconds
  Import took 0.078248 seconds .

========================================================================
Received Prepare
Refreshing native plugins compatible for Editor in 0.52 ms, found 0 plugins.
Preloading 0 native plugins for Editor in 0.00 ms.
Unloading 3 Unused Serialized files (Serialized files now loaded: 0)
System memory in use before: 47.3 MB.
System memory in use after: 47.4 MB.

Unloading 3 unused Assets to reduce memory usage. Loaded Objects now: 1578.
Total: 1.722100 ms (FindLiveObjects: 0.118900 ms CreateObjectMapping: 0.030600 ms MarkObjects: 1.530800 ms  DeleteObjects: 0.041000 ms)

========================================================================
Received Prepare
Registering precompiled user dll's ...
Registered in 0.000484 seconds.
Begin MonoManager ReloadAssembly
Native extension for WindowsStandalone target not found
Native extension for OSXStandalone target not found
Native extension for WebGL target not found
Refreshing native plugins compatible for Editor in 0.15 ms, found 0 plugins.
Preloading 0 native plugins for Editor in 0.00 ms.
Mono: successfully reloaded assembly
- Completed reload, in  0.587 seconds
Platform modules already initialized, skipping
Refreshing native plugins compatible for Editor in 0.15 ms, found 0 plugins.
Preloading 0 native plugins for Editor in 0.00 ms.
Unloading 1116 Unused Serialized files (Serialized files now loaded: 0)
System memory in use before: 69.6 MB.
System memory in use after: 69.6 MB.

Unloading 5 unused Assets to reduce memory usage. Loaded Objects now: 1581.
Total: 1.252800 ms (FindLiveObjects: 0.109700 ms CreateObjectMapping: 0.032200 ms MarkObjects: 1.066800 ms  DeleteObjects: 0.043600 ms)

========================================================================
Received Import Request.
  Time since last request: 113.215564 seconds.
  path: Assets/Scripts/New Folder
  artifactKey: Guid(722bbdc2a3dd75e4eb05f6dce89d7ae6) Importer(815301076,1909f56bfc062723c751e8b465ee728b)
Start importing Assets/Scripts/New Folder using Guid(722bbdc2a3dd75e4eb05f6dce89d7ae6) Importer(815301076,1909f56bfc062723c751e8b465ee728b)  -> (artifact id: '46a10f35864427dfd124d845cdd66546') in 0.023464 seconds
  Import took 0.042041 seconds .

========================================================================
Received Import Request.
  Time since last request: 47.759563 seconds.
  path: Assets/Prefabs/Enemy.prefab
  artifactKey: Guid(18cb941b1bd212149b8c815b9b8a571c) Importer(815301076,1909f56bfc062723c751e8b465ee728b)
Start importing Assets/Prefabs/Enemy.prefab using Guid(18cb941b1bd212149b8c815b9b8a571c) Importer(815301076,1909f56bfc062723c751e8b465ee728b)  -> (artifact id: 'db3db58aff3b40e737710109bfe541a1') in 0.088990 seconds
  Import took 0.111357 seconds .

========================================================================
Received Import Request.
  Time since last request: 6.188974 seconds.
  path: Assets/Prefabs/Enemy 1.prefab
  artifactKey: Guid(089b6ebd6aac02d46be4f8d110b04686) Importer(815301076,1909f56bfc062723c751e8b465ee728b)
Start importing Assets/Prefabs/Enemy 1.prefab using Guid(089b6ebd6aac02d46be4f8d110b04686) Importer(815301076,1909f56bfc062723c751e8b465ee728b)  -> (artifact id: 'f4b2fceb8815eac11c4f6e6696536933') in 0.014545 seconds
  Import took 0.036425 seconds .

========================================================================
Received Import Request.
  Time since last request: 5.686060 seconds.
  path: Assets/Prefabs/Charger.prefab
  artifactKey: Guid(089b6ebd6aac02d46be4f8d110b04686) Importer(815301076,1909f56bfc062723c751e8b465ee728b)
Start importing Assets/Prefabs/Charger.prefab using Guid(089b6ebd6aac02d46be4f8d110b04686) Importer(815301076,1909f56bfc062723c751e8b465ee728b)  -> (artifact id: '29e849b11eb515e2d11050d2e9ab9610') in 0.011642 seconds
  Import took 0.028745 seconds .

========================================================================
Received Import Request.
  Time since last request: 44.415824 seconds.
  path: Assets/Prefabs/Charger.prefab
  artifactKey: Guid(089b6ebd6aac02d46be4f8d110b04686) Importer(815301076,1909f56bfc062723c751e8b465ee728b)
Start importing Assets/Prefabs/Charger.prefab using Guid(089b6ebd6aac02d46be4f8d110b04686) Importer(815301076,1909f56bfc062723c751e8b465ee728b)  -> (artifact id: 'bc2c8939f982a4a33aa5a319bb9ed319') in 0.016672 seconds
  Import took 0.028336 seconds .

========================================================================
Received Import Request.
  Time since last request: 20.630038 seconds.
  path: Assets/Scripts/Charger.cs
  artifactKey: Guid(c40b48014cb3b464fbbdb4ef2dfd7598) Importer(815301076,1909f56bfc062723c751e8b465ee728b)
Start importing Assets/Scripts/Charger.cs using Guid(c40b48014cb3b464fbbdb4ef2dfd7598) Importer(815301076,1909f56bfc062723c751e8b465ee728b)  -> (artifact id: '28343012e70aaff9f20074c878fac777') in 0.002449 seconds
  Import took 0.004352 seconds .

========================================================================
Received Prepare
Registering precompiled user dll's ...
Registered in 0.000460 seconds.
Begin MonoManager ReloadAssembly
Native extension for WindowsStandalone target not found
Native extension for OSXStandalone target not found
Native extension for WebGL target not found
Refreshing native plugins compatible for Editor in 0.24 ms, found 0 plugins.
Preloading 0 native plugins for Editor in 0.00 ms.
Mono: successfully reloaded assembly
- Completed reload, in  0.664 seconds
Platform modules already initialized, skipping
Refreshing native plugins compatible for Editor in 0.15 ms, found 0 plugins.
Preloading 0 native plugins for Editor in 0.00 ms.
Unloading 1117 Unused Serialized files (Serialized files now loaded: 0)
System memory in use before: 72.6 MB.
System memory in use after: 72.7 MB.

Unloading 7 unused Assets to reduce memory usage. Loaded Objects now: 1592.
Total: 1.241500 ms (FindLiveObjects: 0.108100 ms CreateObjectMapping: 0.028300 ms MarkObjects: 1.056800 ms  DeleteObjects: 0.047500 ms)

========================================================================
Received Import Request.
  Time since last request: 218.172206 seconds.
  path: Assets/Scripts/Charger.cs
  artifactKey: Guid(c40b48014cb3b464fbbdb4ef2dfd7598) Importer(815301076,1909f56bfc062723c751e8b465ee728b)
Start importing Assets/Scripts/Charger.cs using Guid(c40b48014cb3b464fbbdb4ef2dfd7598) Importer(815301076,1909f56bfc062723c751e8b465ee728b)  -> (artifact id: '1331fbcf003c142894690e9099a1db5e') in 0.003530 seconds
  Import took 0.015448 seconds .

========================================================================
Received Import Request.
  Time since last request: 0.023450 seconds.
  path: Assets/Scripts/Charger.cs
  artifactKey: Guid(c40b48014cb3b464fbbdb4ef2dfd7598) Importer(815301076,1909f56bfc062723c751e8b465ee728b)
Start importing Assets/Scripts/Charger.cs using Guid(c40b48014cb3b464fbbdb4ef2dfd7598) Importer(815301076,1909f56bfc062723c751e8b465ee728b)  -> (artifact id: '1331fbcf003c142894690e9099a1db5e') in 0.001499 seconds
  Import took 0.003001 seconds .

========================================================================
Received Prepare
Registering precompiled user dll's ...
Registered in 0.000523 seconds.
Begin MonoManager ReloadAssembly
Native extension for WindowsStandalone target not found
Native extension for OSXStandalone target not found
Native extension for WebGL target not found
Refreshing native plugins compatible for Editor in 0.16 ms, found 0 plugins.
Preloading 0 native plugins for Editor in 0.00 ms.
Mono: successfully reloaded assembly
- Completed reload, in  0.598 seconds
Platform modules already initialized, skipping
Refreshing native plugins compatible for Editor in 0.15 ms, found 0 plugins.
Preloading 0 native plugins for Editor in 0.00 ms.
Unloading 1117 Unused Serialized files (Serialized files now loaded: 0)
System memory in use before: 72.6 MB.
System memory in use after: 72.7 MB.

Unloading 5 unused Assets to reduce memory usage. Loaded Objects now: 1595.
Total: 1.231800 ms (FindLiveObjects: 0.113600 ms CreateObjectMapping: 0.031600 ms MarkObjects: 1.038600 ms  DeleteObjects: 0.047200 ms)

========================================================================
Received Import Request.
  Time since last request: 38.805400 seconds.
  path: Assets/Scripts/Charger.cs
  artifactKey: Guid(c40b48014cb3b464fbbdb4ef2dfd7598) Importer(815301076,1909f56bfc062723c751e8b465ee728b)
Start importing Assets/Scripts/Charger.cs using Guid(c40b48014cb3b464fbbdb4ef2dfd7598) Importer(815301076,1909f56bfc062723c751e8b465ee728b)  -> (artifact id: '0cc8e938046241aeba871d208127d57e') in 0.002583 seconds
  Import took 0.017666 seconds .

========================================================================
Received Import Request.
  Time since last request: 0.935446 seconds.
  path: Assets/Scripts/Charger.cs
  artifactKey: Guid(c40b48014cb3b464fbbdb4ef2dfd7598) Importer(815301076,1909f56bfc062723c751e8b465ee728b)
Start importing Assets/Scripts/Charger.cs using Guid(c40b48014cb3b464fbbdb4ef2dfd7598) Importer(815301076,1909f56bfc062723c751e8b465ee728b)  -> (artifact id: '0cc8e938046241aeba871d208127d57e') in 0.001727 seconds
  Import took 0.003125 seconds .

========================================================================
Received Prepare
Registering precompiled user dll's ...
Registered in 0.000496 seconds.
Begin MonoManager ReloadAssembly
Native extension for WindowsStandalone target not found
Native extension for OSXStandalone target not found
Native extension for WebGL target not found
Refreshing native plugins compatible for Editor in 0.15 ms, found 0 plugins.
Preloading 0 native plugins for Editor in 0.00 ms.
Mono: successfully reloaded assembly
- Completed reload, in  0.593 seconds
Platform modules already initialized, skipping
Refreshing native plugins compatible for Editor in 0.15 ms, found 0 plugins.
Preloading 0 native plugins for Editor in 0.00 ms.
Unloading 1117 Unused Serialized files (Serialized files now loaded: 0)
System memory in use before: 72.6 MB.
System memory in use after: 72.7 MB.

Unloading 5 unused Assets to reduce memory usage. Loaded Objects now: 1598.
Total: 1.213400 ms (FindLiveObjects: 0.126900 ms CreateObjectMapping: 0.031200 ms MarkObjects: 1.014700 ms  DeleteObjects: 0.039900 ms)

========================================================================
Received Prepare
Registering precompiled user dll's ...
Registered in 0.000488 seconds.
Begin MonoManager ReloadAssembly
Native extension for WindowsStandalone target not found
Native extension for OSXStandalone target not found
Native extension for WebGL target not found
Refreshing native plugins compatible for Editor in 0.15 ms, found 0 plugins.
Preloading 0 native plugins for Editor in 0.00 ms.
Mono: successfully reloaded assembly
- Completed reload, in  0.581 seconds
Platform modules already initialized, skipping
Refreshing native plugins compatible for Editor in 0.16 ms, found 0 plugins.
Preloading 0 native plugins for Editor in 0.00 ms.
Unloading 1117 Unused Serialized files (Serialized files now loaded: 0)
System memory in use before: 72.6 MB.
System memory in use after: 72.7 MB.

Unloading 5 unused Assets to reduce memory usage. Loaded Objects now: 1601.
Total: 1.335100 ms (FindLiveObjects: 0.117700 ms CreateObjectMapping: 0.032900 ms MarkObjects: 1.142400 ms  DeleteObjects: 0.041600 ms)

========================================================================
Received Import Request.
  Time since last request: 78.528048 seconds.
  path: Assets/Scripts/Chaser.cs
  artifactKey: Guid(37ea2e104b0acd244a06c55ebffdb017) Importer(815301076,1909f56bfc062723c751e8b465ee728b)
Start importing Assets/Scripts/Chaser.cs using Guid(37ea2e104b0acd244a06c55ebffdb017) Importer(815301076,1909f56bfc062723c751e8b465ee728b)  -> (artifact id: '135ce2931f3a0a050b626a206f2aea27') in 0.009137 seconds
  Import took 0.010738 seconds .

========================================================================
Received Prepare
Registering precompiled user dll's ...
Registered in 0.000456 seconds.
Begin MonoManager ReloadAssembly
Native extension for WindowsStandalone target not found
Native extension for OSXStandalone target not found
Native extension for WebGL target not found
Refreshing native plugins compatible for Editor in 0.15 ms, found 0 plugins.
Preloading 0 native plugins for Editor in 0.00 ms.
Mono: successfully reloaded assembly
- Completed reload, in  0.644 seconds
Platform modules already initialized, skipping
Refreshing native plugins compatible for Editor in 0.15 ms, found 0 plugins.
Preloading 0 native plugins for Editor in 0.00 ms.
Unloading 1118 Unused Serialized files (Serialized files now loaded: 0)
System memory in use before: 72.6 MB.
System memory in use after: 72.7 MB.

Unloading 5 unused Assets to reduce memory usage. Loaded Objects now: 1605.
Total: 1.301600 ms (FindLiveObjects: 0.115200 ms CreateObjectMapping: 0.033000 ms MarkObjects: 1.108500 ms  DeleteObjects: 0.044100 ms)

========================================================================
Received Prepare
Registering precompiled user dll's ...
Registered in 0.000446 seconds.
Begin MonoManager ReloadAssembly
Native extension for WindowsStandalone target not found
Native extension for OSXStandalone target not found
Native extension for WebGL target not found
Refreshing native plugins compatible for Editor in 0.15 ms, found 0 plugins.
Preloading 0 native plugins for Editor in 0.00 ms.
Mono: successfully reloaded assembly
- Completed reload, in  0.624 seconds
Platform modules already initialized, skipping
Refreshing native plugins compatible for Editor in 0.16 ms, found 0 plugins.
Preloading 0 native plugins for Editor in 0.00 ms.
Unloading 1118 Unused Serialized files (Serialized files now loaded: 0)
System memory in use before: 72.7 MB.
System memory in use after: 72.7 MB.

Unloading 5 unused Assets to reduce memory usage. Loaded Objects now: 1608.
Total: 1.203200 ms (FindLiveObjects: 0.110800 ms CreateObjectMapping: 0.026000 ms MarkObjects: 1.025900 ms  DeleteObjects: 0.039900 ms)

========================================================================
Received Prepare
Registering precompiled user dll's ...
Registered in 0.000892 seconds.
Begin MonoManager ReloadAssembly
Native extension for WindowsStandalone target not found
Native extension for OSXStandalone target not found
Native extension for WebGL target not found
Refreshing native plugins compatible for Editor in 0.16 ms, found 0 plugins.
Preloading 0 native plugins for Editor in 0.00 ms.
Mono: successfully reloaded assembly
- Completed reload, in  0.601 seconds
Platform modules already initialized, skipping
Refreshing native plugins compatible for Editor in 0.16 ms, found 0 plugins.
Preloading 0 native plugins for Editor in 0.00 ms.
Unloading 1118 Unused Serialized files (Serialized files now loaded: 0)
System memory in use before: 72.7 MB.
System memory in use after: 72.7 MB.

Unloading 5 unused Assets to reduce memory usage. Loaded Objects now: 1611.
Total: 1.291600 ms (FindLiveObjects: 0.103900 ms CreateObjectMapping: 0.028500 ms MarkObjects: 1.099100 ms  DeleteObjects: 0.059300 ms)

========================================================================
Received Prepare
Registering precompiled user dll's ...
Registered in 0.000490 seconds.
Begin MonoManager ReloadAssembly
Native extension for WindowsStandalone target not found
Native extension for OSXStandalone target not found
Native extension for WebGL target not found
Refreshing native plugins compatible for Editor in 0.16 ms, found 0 plugins.
Preloading 0 native plugins for Editor in 0.00 ms.
Mono: successfully reloaded assembly
- Completed reload, in  0.589 seconds
Platform modules already initialized, skipping
Refreshing native plugins compatible for Editor in 0.15 ms, found 0 plugins.
Preloading 0 native plugins for Editor in 0.00 ms.
Unloading 1118 Unused Serialized files (Serialized files now loaded: 0)
System memory in use before: 72.7 MB.
System memory in use after: 72.7 MB.

Unloading 5 unused Assets to reduce memory usage. Loaded Objects now: 1614.
Total: 1.189400 ms (FindLiveObjects: 0.108900 ms CreateObjectMapping: 0.030600 ms MarkObjects: 1.004000 ms  DeleteObjects: 0.044800 ms)

========================================================================
Received Import Request.
  Time since last request: 45.797984 seconds.
  path: Assets/Prefabs/Charger.prefab
  artifactKey: Guid(089b6ebd6aac02d46be4f8d110b04686) Importer(815301076,1909f56bfc062723c751e8b465ee728b)
Start importing Assets/Prefabs/Charger.prefab using Guid(089b6ebd6aac02d46be4f8d110b04686) Importer(815301076,1909f56bfc062723c751e8b465ee728b)  -> (artifact id: '341ceb45f1e90dd46c88c7871685f14f') in 0.058132 seconds
  Import took 0.061211 seconds .

========================================================================
Received Import Request.
  Time since last request: 2.558176 seconds.
  path: Assets/Prefabs/Charger.prefab
  artifactKey: Guid(089b6ebd6aac02d46be4f8d110b04686) Importer(815301076,1909f56bfc062723c751e8b465ee728b)
Start importing Assets/Prefabs/Charger.prefab using Guid(089b6ebd6aac02d46be4f8d110b04686) Importer(815301076,1909f56bfc062723c751e8b465ee728b)  -> (artifact id: '7507f7bcd6e3c45027ddc118f8fd078f') in 0.007063 seconds
  Import took 0.020366 seconds .

========================================================================
Received Import Request.
  Time since last request: 9.293124 seconds.
  path: Assets/Prefabs/Charger.prefab
  artifactKey: Guid(089b6ebd6aac02d46be4f8d110b04686) Importer(815301076,1909f56bfc062723c751e8b465ee728b)
Start importing Assets/Prefabs/Charger.prefab using Guid(089b6ebd6aac02d46be4f8d110b04686) Importer(815301076,1909f56bfc062723c751e8b465ee728b)  -> (artifact id: '38d0d6c779b575141e4ad7b500ed7128') in 0.006620 seconds
  Import took 0.033114 seconds .

========================================================================
Received Import Request.
  Time since last request: 6.436059 seconds.
  path: Assets/Prefabs/Enemy.prefab
  artifactKey: Guid(18cb941b1bd212149b8c815b9b8a571c) Importer(815301076,1909f56bfc062723c751e8b465ee728b)
Start importing Assets/Prefabs/Enemy.prefab using Guid(18cb941b1bd212149b8c815b9b8a571c) Importer(815301076,1909f56bfc062723c751e8b465ee728b)  -> (artifact id: 'd1b016d4cf3ca72d4418a2ffe5b40d48') in 0.013690 seconds
  Import took 0.025614 seconds .

========================================================================
Received Import Request.
  Time since last request: 0.000824 seconds.
  path: Assets/Prefabs/Enemy.prefab
  artifactKey: Guid(18cb941b1bd212149b8c815b9b8a571c) Importer(815301076,1909f56bfc062723c751e8b465ee728b)
Start importing Assets/Prefabs/Enemy.prefab using Guid(18cb941b1bd212149b8c815b9b8a571c) Importer(815301076,1909f56bfc062723c751e8b465ee728b)  -> (artifact id: 'd1b016d4cf3ca72d4418a2ffe5b40d48') in 0.014132 seconds
  Import took 0.016149 seconds .

========================================================================
Received Import Request.
  Time since last request: 7.127330 seconds.
  path: Assets/Prefabs/Enemy.prefab
  artifactKey: Guid(18cb941b1bd212149b8c815b9b8a571c) Importer(815301076,1909f56bfc062723c751e8b465ee728b)
Start importing Assets/Prefabs/Enemy.prefab using Guid(18cb941b1bd212149b8c815b9b8a571c) Importer(815301076,1909f56bfc062723c751e8b465ee728b)  -> (artifact id: '7e52a8d7fc05b83c04fbf528769e85a5') in 0.008208 seconds
  Import took 0.010194 seconds .

========================================================================
Received Import Request.
  Time since last request: 3.565773 seconds.
  path: Assets/Prefabs/Enemy.prefab
  artifactKey: Guid(18cb941b1bd212149b8c815b9b8a571c) Importer(815301076,1909f56bfc062723c751e8b465ee728b)
Start importing Assets/Prefabs/Enemy.prefab using Guid(18cb941b1bd212149b8c815b9b8a571c) Importer(815301076,1909f56bfc062723c751e8b465ee728b)  -> (artifact id: '3e86804d61a3c518de50fc2aa027c0a3') in 0.008532 seconds
  Import took 0.010037 seconds .

========================================================================
Received Import Request.
  Time since last request: 3.510318 seconds.
  path: Assets/Prefabs/Enemy.prefab
  artifactKey: Guid(18cb941b1bd212149b8c815b9b8a571c) Importer(815301076,1909f56bfc062723c751e8b465ee728b)
Start importing Assets/Prefabs/Enemy.prefab using Guid(18cb941b1bd212149b8c815b9b8a571c) Importer(815301076,1909f56bfc062723c751e8b465ee728b)  -> (artifact id: '46e8130ae6da8f91baee9529c5015bdf') in 0.007162 seconds
  Import took 0.009083 seconds .

========================================================================
Received Import Request.
  Time since last request: 2.029703 seconds.
  path: Assets/Prefabs/Charger.prefab
  artifactKey: Guid(089b6ebd6aac02d46be4f8d110b04686) Importer(815301076,1909f56bfc062723c751e8b465ee728b)
Start importing Assets/Prefabs/Charger.prefab using Guid(089b6ebd6aac02d46be4f8d110b04686) Importer(815301076,1909f56bfc062723c751e8b465ee728b)  -> (artifact id: 'f6bf58d9363a4c66c56bc387dfb66a6e') in 0.010921 seconds
  Import took 0.031724 seconds .

========================================================================
Received Prepare
Registering precompiled user dll's ...
Registered in 0.000443 seconds.
Begin MonoManager ReloadAssembly
Native extension for WindowsStandalone target not found
Native extension for OSXStandalone target not found
Native extension for WebGL target not found
Refreshing native plugins compatible for Editor in 0.16 ms, found 0 plugins.
Preloading 0 native plugins for Editor in 0.00 ms.
Mono: successfully reloaded assembly
- Completed reload, in  0.577 seconds
Platform modules already initialized, skipping
Refreshing native plugins compatible for Editor in 0.16 ms, found 0 plugins.
Preloading 0 native plugins for Editor in 0.00 ms.
Unloading 1118 Unused Serialized files (Serialized files now loaded: 0)
System memory in use before: 72.7 MB.
System memory in use after: 72.8 MB.

Unloading 7 unused Assets to reduce memory usage. Loaded Objects now: 1618.
Total: 1.217100 ms (FindLiveObjects: 0.105700 ms CreateObjectMapping: 0.027800 ms MarkObjects: 1.037200 ms  DeleteObjects: 0.045600 ms)

========================================================================
Received Prepare
Registering precompiled user dll's ...
Registered in 0.000465 seconds.
Begin MonoManager ReloadAssembly
Native extension for WindowsStandalone target not found
Native extension for OSXStandalone target not found
Native extension for WebGL target not found
Refreshing native plugins compatible for Editor in 0.18 ms, found 0 plugins.
Preloading 0 native plugins for Editor in 0.00 ms.
Mono: successfully reloaded assembly
- Completed reload, in  0.607 seconds
Platform modules already initialized, skipping
Refreshing native plugins compatible for Editor in 0.16 ms, found 0 plugins.
Preloading 0 native plugins for Editor in 0.00 ms.
Unloading 1118 Unused Serialized files (Serialized files now loaded: 0)
System memory in use before: 72.7 MB.
System memory in use after: 72.8 MB.

Unloading 5 unused Assets to reduce memory usage. Loaded Objects now: 1621.
Total: 1.447100 ms (FindLiveObjects: 0.175200 ms CreateObjectMapping: 0.052500 ms MarkObjects: 1.173800 ms  DeleteObjects: 0.044600 ms)

========================================================================
Received Import Request.
  Time since last request: 54.092823 seconds.
  path: Assets/Scripts/EnemyAI
  artifactKey: Guid(722bbdc2a3dd75e4eb05f6dce89d7ae6) Importer(815301076,1909f56bfc062723c751e8b465ee728b)
Start importing Assets/Scripts/EnemyAI using Guid(722bbdc2a3dd75e4eb05f6dce89d7ae6) Importer(815301076,1909f56bfc062723c751e8b465ee728b)  -> (artifact id: '59470461e767568a45eea21e29b00cda') in 0.008289 seconds
  Import took 0.050868 seconds .

========================================================================
Received Prepare
Registering precompiled user dll's ...
Registered in 0.000440 seconds.
Begin MonoManager ReloadAssembly
Native extension for WindowsStandalone target not found
Native extension for OSXStandalone target not found
Native extension for WebGL target not found
Refreshing native plugins compatible for Editor in 0.17 ms, found 0 plugins.
Preloading 0 native plugins for Editor in 0.00 ms.
Mono: successfully reloaded assembly
- Completed reload, in  0.649 seconds
Platform modules already initialized, skipping
Refreshing native plugins compatible for Editor in 0.16 ms, found 0 plugins.
Preloading 0 native plugins for Editor in 0.00 ms.
Unloading 1118 Unused Serialized files (Serialized files now loaded: 0)
System memory in use before: 72.7 MB.
System memory in use after: 72.8 MB.

Unloading 5 unused Assets to reduce memory usage. Loaded Objects now: 1624.
Total: 1.618000 ms (FindLiveObjects: 0.135300 ms CreateObjectMapping: 0.041800 ms MarkObjects: 1.383300 ms  DeleteObjects: 0.056500 ms)

========================================================================
Received Import Request.
  Time since last request: 16.168189 seconds.
  path: Assets/Scripts/Enemy.cs
  artifactKey: Guid(c364e7e51eb3acd4d8a943eaa982788c) Importer(815301076,1909f56bfc062723c751e8b465ee728b)
Start importing Assets/Scripts/Enemy.cs using Guid(c364e7e51eb3acd4d8a943eaa982788c) Importer(815301076,1909f56bfc062723c751e8b465ee728b)  -> (artifact id: 'd81fbea5099706832e11ea28644e2f67') in 0.006952 seconds
  Import took 0.008499 seconds .

========================================================================
Received Import Request.
  Time since last request: 0.019854 seconds.
  path: Assets/Scripts/Enemy.cs
  artifactKey: Guid(c364e7e51eb3acd4d8a943eaa982788c) Importer(815301076,1909f56bfc062723c751e8b465ee728b)
Start importing Assets/Scripts/Enemy.cs using Guid(c364e7e51eb3acd4d8a943eaa982788c) Importer(815301076,1909f56bfc062723c751e8b465ee728b)  -> (artifact id: 'd81fbea5099706832e11ea28644e2f67') in 0.001919 seconds
  Import took 0.003537 seconds .

========================================================================
Received Prepare
Registering precompiled user dll's ...
Registered in 0.000713 seconds.
Begin MonoManager ReloadAssembly
Native extension for WindowsStandalone target not found
Native extension for OSXStandalone target not found
Native extension for WebGL target not found
Refreshing native plugins compatible for Editor in 0.16 ms, found 0 plugins.
Preloading 0 native plugins for Editor in 0.00 ms.
Mono: successfully reloaded assembly
- Completed reload, in  0.610 seconds
Platform modules already initialized, skipping
Refreshing native plugins compatible for Editor in 0.15 ms, found 0 plugins.
Preloading 0 native plugins for Editor in 0.00 ms.
Unloading 1118 Unused Serialized files (Serialized files now loaded: 0)
System memory in use before: 72.7 MB.
System memory in use after: 72.8 MB.

Unloading 5 unused Assets to reduce memory usage. Loaded Objects now: 1627.
Total: 1.252200 ms (FindLiveObjects: 0.114100 ms CreateObjectMapping: 0.032000 ms MarkObjects: 1.064000 ms  DeleteObjects: 0.041200 ms)

========================================================================
Received Import Request.
  Time since last request: 26.381921 seconds.
  path: Assets/Scripts/Enemy.cs
  artifactKey: Guid(c364e7e51eb3acd4d8a943eaa982788c) Importer(815301076,1909f56bfc062723c751e8b465ee728b)
Start importing Assets/Scripts/Enemy.cs using Guid(c364e7e51eb3acd4d8a943eaa982788c) Importer(815301076,1909f56bfc062723c751e8b465ee728b)  -> (artifact id: '14cea3eba8e3cf4d36b00d6a23bd598e') in 0.002692 seconds
  Import took 0.015561 seconds .

========================================================================
Received Import Request.
  Time since last request: 1.011330 seconds.
  path: Assets/Scripts/Enemy.cs
  artifactKey: Guid(c364e7e51eb3acd4d8a943eaa982788c) Importer(815301076,1909f56bfc062723c751e8b465ee728b)
Start importing Assets/Scripts/Enemy.cs using Guid(c364e7e51eb3acd4d8a943eaa982788c) Importer(815301076,1909f56bfc062723c751e8b465ee728b)  -> (artifact id: '14cea3eba8e3cf4d36b00d6a23bd598e') in 0.001360 seconds
  Import took 0.003036 seconds .

========================================================================
Received Prepare
Registering precompiled user dll's ...
Registered in 0.000493 seconds.
Begin MonoManager ReloadAssembly
Native extension for WindowsStandalone target not found
Native extension for OSXStandalone target not found
Native extension for WebGL target not found
Refreshing native plugins compatible for Editor in 0.15 ms, found 0 plugins.
Preloading 0 native plugins for Editor in 0.00 ms.
Mono: successfully reloaded assembly
- Completed reload, in  0.599 seconds
Platform modules already initialized, skipping
Refreshing native plugins compatible for Editor in 0.16 ms, found 0 plugins.
Preloading 0 native plugins for Editor in 0.00 ms.
Unloading 1118 Unused Serialized files (Serialized files now loaded: 0)
System memory in use before: 72.7 MB.
System memory in use after: 72.8 MB.

Unloading 5 unused Assets to reduce memory usage. Loaded Objects now: 1630.
Total: 1.241300 ms (FindLiveObjects: 0.111700 ms CreateObjectMapping: 0.029200 ms MarkObjects: 1.057700 ms  DeleteObjects: 0.042000 ms)

========================================================================
Received Import Request.
  Time since last request: 29.426457 seconds.
  path: Assets/Scripts/Enemy.cs
  artifactKey: Guid(c364e7e51eb3acd4d8a943eaa982788c) Importer(815301076,1909f56bfc062723c751e8b465ee728b)
Start importing Assets/Scripts/Enemy.cs using Guid(c364e7e51eb3acd4d8a943eaa982788c) Importer(815301076,1909f56bfc062723c751e8b465ee728b)  -> (artifact id: 'e1b736c5f29cf0f3f48cd921f57d157f') in 0.002794 seconds
  Import took 0.150334 seconds .

========================================================================
Received Import Request.
  Time since last request: 0.777886 seconds.
  path: Assets/Scripts/Enemy.cs
  artifactKey: Guid(c364e7e51eb3acd4d8a943eaa982788c) Importer(815301076,1909f56bfc062723c751e8b465ee728b)
Start importing Assets/Scripts/Enemy.cs using Guid(c364e7e51eb3acd4d8a943eaa982788c) Importer(815301076,1909f56bfc062723c751e8b465ee728b)  -> (artifact id: 'e1b736c5f29cf0f3f48cd921f57d157f') in 0.001440 seconds
  Import took 0.002820 seconds .

========================================================================
Received Prepare
Registering precompiled user dll's ...
Registered in 0.000633 seconds.
Begin MonoManager ReloadAssembly
Native extension for WindowsStandalone target not found
Native extension for OSXStandalone target not found
Native extension for WebGL target not found
Refreshing native plugins compatible for Editor in 0.15 ms, found 0 plugins.
Preloading 0 native plugins for Editor in 0.00 ms.
Mono: successfully reloaded assembly
- Completed reload, in  0.617 seconds
Platform modules already initialized, skipping
Refreshing native plugins compatible for Editor in 0.15 ms, found 0 plugins.
Preloading 0 native plugins for Editor in 0.00 ms.
Unloading 1118 Unused Serialized files (Serialized files now loaded: 0)
System memory in use before: 72.7 MB.
System memory in use after: 72.8 MB.

Unloading 5 unused Assets to reduce memory usage. Loaded Objects now: 1633.
Total: 1.209100 ms (FindLiveObjects: 0.109900 ms CreateObjectMapping: 0.028000 ms MarkObjects: 1.026100 ms  DeleteObjects: 0.044100 ms)

========================================================================
Received Import Request.
  Time since last request: 78.369024 seconds.
  path: Assets/Scripts/Enemy.cs
  artifactKey: Guid(c364e7e51eb3acd4d8a943eaa982788c) Importer(815301076,1909f56bfc062723c751e8b465ee728b)
Start importing Assets/Scripts/Enemy.cs using Guid(c364e7e51eb3acd4d8a943eaa982788c) Importer(815301076,1909f56bfc062723c751e8b465ee728b)  -> (artifact id: 'f8d53c5b8575f42109aae45bd7280120') in 0.003642 seconds
  Import took 0.025039 seconds .

========================================================================
Received Import Request.
  Time since last request: 0.924087 seconds.
  path: Assets/Scripts/Enemy.cs
  artifactKey: Guid(c364e7e51eb3acd4d8a943eaa982788c) Importer(815301076,1909f56bfc062723c751e8b465ee728b)
Start importing Assets/Scripts/Enemy.cs using Guid(c364e7e51eb3acd4d8a943eaa982788c) Importer(815301076,1909f56bfc062723c751e8b465ee728b)  -> (artifact id: 'f8d53c5b8575f42109aae45bd7280120') in 0.001548 seconds
  Import took 0.002963 seconds .

========================================================================
Received Prepare
Registering precompiled user dll's ...
Registered in 0.000540 seconds.
Begin MonoManager ReloadAssembly
Native extension for WindowsStandalone target not found
Native extension for OSXStandalone target not found
Native extension for WebGL target not found
Refreshing native plugins compatible for Editor in 0.16 ms, found 0 plugins.
Preloading 0 native plugins for Editor in 0.00 ms.
Mono: successfully reloaded assembly
- Completed reload, in  0.595 seconds
Platform modules already initialized, skipping
Refreshing native plugins compatible for Editor in 0.15 ms, found 0 plugins.
Preloading 0 native plugins for Editor in 0.00 ms.
Unloading 1118 Unused Serialized files (Serialized files now loaded: 0)
System memory in use before: 72.7 MB.
System memory in use after: 72.8 MB.

Unloading 5 unused Assets to reduce memory usage. Loaded Objects now: 1636.
Total: 1.195200 ms (FindLiveObjects: 0.105800 ms CreateObjectMapping: 0.029000 ms MarkObjects: 1.016600 ms  DeleteObjects: 0.042800 ms)

========================================================================
Received Import Request.
  Time since last request: 157.731910 seconds.
  path: Assets/Scripts/Enemy.cs
  artifactKey: Guid(c364e7e51eb3acd4d8a943eaa982788c) Importer(815301076,1909f56bfc062723c751e8b465ee728b)
Start importing Assets/Scripts/Enemy.cs using Guid(c364e7e51eb3acd4d8a943eaa982788c) Importer(815301076,1909f56bfc062723c751e8b465ee728b)  -> (artifact id: '484bde78d3bb8622d104691fab8afab3') in 0.002736 seconds
  Import took 0.004439 seconds .

========================================================================
Received Prepare
Registering precompiled user dll's ...
Registered in 0.000543 seconds.
Begin MonoManager ReloadAssembly
Native extension for WindowsStandalone target not found
Native extension for OSXStandalone target not found
Native extension for WebGL target not found
Refreshing native plugins compatible for Editor in 0.15 ms, found 0 plugins.
Preloading 0 native plugins for Editor in 0.00 ms.
Mono: successfully reloaded assembly
- Completed reload, in  0.604 seconds
Platform modules already initialized, skipping
Refreshing native plugins compatible for Editor in 0.15 ms, found 0 plugins.
Preloading 0 native plugins for Editor in 0.00 ms.
Unloading 1118 Unused Serialized files (Serialized files now loaded: 0)
System memory in use before: 72.7 MB.
System memory in use after: 72.8 MB.

Unloading 5 unused Assets to reduce memory usage. Loaded Objects now: 1639.
Total: 1.301600 ms (FindLiveObjects: 0.113000 ms CreateObjectMapping: 0.029600 ms MarkObjects: 1.113200 ms  DeleteObjects: 0.045000 ms)

========================================================================
Received Import Request.
  Time since last request: 42.812896 seconds.
  path: Assets/Scripts/EnemyAI/Chaser.cs
  artifactKey: Guid(37ea2e104b0acd244a06c55ebffdb017) Importer(815301076,1909f56bfc062723c751e8b465ee728b)
Start importing Assets/Scripts/EnemyAI/Chaser.cs using Guid(37ea2e104b0acd244a06c55ebffdb017) Importer(815301076,1909f56bfc062723c751e8b465ee728b)  -> (artifact id: 'c589c81a3b026a56ac08369f4755dda3') in 0.002976 seconds
  Import took 0.035490 seconds .

========================================================================
Received Prepare
Registering precompiled user dll's ...
Registered in 0.000523 seconds.
Begin MonoManager ReloadAssembly
Native extension for WindowsStandalone target not found
Native extension for OSXStandalone target not found
Native extension for WebGL target not found
Refreshing native plugins compatible for Editor in 0.16 ms, found 0 plugins.
Preloading 0 native plugins for Editor in 0.00 ms.
Mono: successfully reloaded assembly
- Completed reload, in  0.625 seconds
Platform modules already initialized, skipping
Refreshing native plugins compatible for Editor in 0.15 ms, found 0 plugins.
Preloading 0 native plugins for Editor in 0.00 ms.
Unloading 1118 Unused Serialized files (Serialized files now loaded: 0)
System memory in use before: 72.7 MB.
System memory in use after: 72.8 MB.

Unloading 5 unused Assets to reduce memory usage. Loaded Objects now: 1642.
Total: 1.189100 ms (FindLiveObjects: 0.117600 ms CreateObjectMapping: 0.031500 ms MarkObjects: 0.993300 ms  DeleteObjects: 0.045700 ms)

========================================================================
Received Import Request.
  Time since last request: 35.960526 seconds.
  path: Assets/Scripts/EnemyAI/Chaser.cs
  artifactKey: Guid(37ea2e104b0acd244a06c55ebffdb017) Importer(815301076,1909f56bfc062723c751e8b465ee728b)
Start importing Assets/Scripts/EnemyAI/Chaser.cs using Guid(37ea2e104b0acd244a06c55ebffdb017) Importer(815301076,1909f56bfc062723c751e8b465ee728b)  -> (artifact id: '247d0ce6b2b78dc202f923aa96054e49') in 0.002803 seconds
  Import took 0.004191 seconds .

========================================================================
Received Import Request.
  Time since last request: 0.920291 seconds.
  path: Assets/Scripts/EnemyAI/Chaser.cs
  artifactKey: Guid(37ea2e104b0acd244a06c55ebffdb017) Importer(815301076,1909f56bfc062723c751e8b465ee728b)
Start importing Assets/Scripts/EnemyAI/Chaser.cs using Guid(37ea2e104b0acd244a06c55ebffdb017) Importer(815301076,1909f56bfc062723c751e8b465ee728b)  -> (artifact id: '247d0ce6b2b78dc202f923aa96054e49') in 0.001343 seconds
  Import took 0.002735 seconds .

========================================================================
Received Prepare
Registering precompiled user dll's ...
Registered in 0.000504 seconds.
Begin MonoManager ReloadAssembly
Native extension for WindowsStandalone target not found
Native extension for OSXStandalone target not found
Native extension for WebGL target not found
Refreshing native plugins compatible for Editor in 0.15 ms, found 0 plugins.
Preloading 0 native plugins for Editor in 0.00 ms.
Mono: successfully reloaded assembly
- Completed reload, in  0.583 seconds
Platform modules already initialized, skipping
Refreshing native plugins compatible for Editor in 0.16 ms, found 0 plugins.
Preloading 0 native plugins for Editor in 0.00 ms.
Unloading 1118 Unused Serialized files (Serialized files now loaded: 0)
System memory in use before: 72.7 MB.
System memory in use after: 72.8 MB.

Unloading 5 unused Assets to reduce memory usage. Loaded Objects now: 1645.
Total: 1.282300 ms (FindLiveObjects: 0.111300 ms CreateObjectMapping: 0.029900 ms MarkObjects: 1.098600 ms  DeleteObjects: 0.041800 ms)

========================================================================
Received Prepare
Registering precompiled user dll's ...
Registered in 0.000487 seconds.
Begin MonoManager ReloadAssembly
Native extension for WindowsStandalone target not found
Native extension for OSXStandalone target not found
Native extension for WebGL target not found
Refreshing native plugins compatible for Editor in 0.15 ms, found 0 plugins.
Preloading 0 native plugins for Editor in 0.00 ms.
Mono: successfully reloaded assembly
- Completed reload, in  0.611 seconds
Platform modules already initialized, skipping
Refreshing native plugins compatible for Editor in 0.15 ms, found 0 plugins.
Preloading 0 native plugins for Editor in 0.00 ms.
Unloading 1118 Unused Serialized files (Serialized files now loaded: 0)
System memory in use before: 72.7 MB.
System memory in use after: 72.8 MB.

Unloading 5 unused Assets to reduce memory usage. Loaded Objects now: 1648.
Total: 1.268100 ms (FindLiveObjects: 0.109200 ms CreateObjectMapping: 0.031600 ms MarkObjects: 1.085000 ms  DeleteObjects: 0.041700 ms)

========================================================================
Received Prepare
Registering precompiled user dll's ...
Registered in 0.000478 seconds.
Begin MonoManager ReloadAssembly
Native extension for WindowsStandalone target not found
Native extension for OSXStandalone target not found
Native extension for WebGL target not found
Refreshing native plugins compatible for Editor in 0.16 ms, found 0 plugins.
Preloading 0 native plugins for Editor in 0.00 ms.
Mono: successfully reloaded assembly
- Completed reload, in  0.591 seconds
Platform modules already initialized, skipping
Refreshing native plugins compatible for Editor in 0.15 ms, found 0 plugins.
Preloading 0 native plugins for Editor in 0.00 ms.
Unloading 1118 Unused Serialized files (Serialized files now loaded: 0)
System memory in use before: 72.7 MB.
System memory in use after: 72.8 MB.

Unloading 5 unused Assets to reduce memory usage. Loaded Objects now: 1651.
Total: 2.295300 ms (FindLiveObjects: 0.137000 ms CreateObjectMapping: 0.037100 ms MarkObjects: 2.070200 ms  DeleteObjects: 0.049800 ms)

========================================================================
Received Prepare
Registering precompiled user dll's ...
Registered in 0.000451 seconds.
Begin MonoManager ReloadAssembly
Native extension for WindowsStandalone target not found
Native extension for OSXStandalone target not found
Native extension for WebGL target not found
Refreshing native plugins compatible for Editor in 0.15 ms, found 0 plugins.
Preloading 0 native plugins for Editor in 0.00 ms.
Mono: successfully reloaded assembly
- Completed reload, in  0.590 seconds
Platform modules already initialized, skipping
Refreshing native plugins compatible for Editor in 0.15 ms, found 0 plugins.
Preloading 0 native plugins for Editor in 0.00 ms.
Unloading 1118 Unused Serialized files (Serialized files now loaded: 0)
System memory in use before: 72.7 MB.
System memory in use after: 72.8 MB.

Unloading 5 unused Assets to reduce memory usage. Loaded Objects now: 1654.
Total: 1.212800 ms (FindLiveObjects: 0.101700 ms CreateObjectMapping: 0.030200 ms MarkObjects: 1.041700 ms  DeleteObjects: 0.038400 ms)

========================================================================
Received Prepare
Registering precompiled user dll's ...
Registered in 0.000494 seconds.
Begin MonoManager ReloadAssembly
Native extension for WindowsStandalone target not found
Native extension for OSXStandalone target not found
Native extension for WebGL target not found
Refreshing native plugins compatible for Editor in 0.16 ms, found 0 plugins.
Preloading 0 native plugins for Editor in 0.00 ms.
Mono: successfully reloaded assembly
- Completed reload, in  0.593 seconds
Platform modules already initialized, skipping
Refreshing native plugins compatible for Editor in 0.15 ms, found 0 plugins.
Preloading 0 native plugins for Editor in 0.00 ms.
Unloading 1118 Unused Serialized files (Serialized files now loaded: 0)
System memory in use before: 72.8 MB.
System memory in use after: 72.8 MB.

Unloading 5 unused Assets to reduce memory usage. Loaded Objects now: 1657.
Total: 1.270000 ms (FindLiveObjects: 0.113900 ms CreateObjectMapping: 0.028400 ms MarkObjects: 1.084100 ms  DeleteObjects: 0.042800 ms)

========================================================================
Received Prepare
Registering precompiled user dll's ...
Registered in 0.000524 seconds.
Begin MonoManager ReloadAssembly
Native extension for WindowsStandalone target not found
Native extension for OSXStandalone target not found
Native extension for WebGL target not found
Refreshing native plugins compatible for Editor in 0.15 ms, found 0 plugins.
Preloading 0 native plugins for Editor in 0.00 ms.
Mono: successfully reloaded assembly
- Completed reload, in  0.611 seconds
Platform modules already initialized, skipping
Refreshing native plugins compatible for Editor in 0.15 ms, found 0 plugins.
Preloading 0 native plugins for Editor in 0.00 ms.
Unloading 1118 Unused Serialized files (Serialized files now loaded: 0)
System memory in use before: 72.8 MB.
System memory in use after: 72.8 MB.

Unloading 5 unused Assets to reduce memory usage. Loaded Objects now: 1660.
Total: 1.202400 ms (FindLiveObjects: 0.107300 ms CreateObjectMapping: 0.030900 ms MarkObjects: 1.020100 ms  DeleteObjects: 0.043500 ms)

========================================================================
Received Prepare
Registering precompiled user dll's ...
Registered in 0.000453 seconds.
Begin MonoManager ReloadAssembly
Native extension for WindowsStandalone target not found
Native extension for OSXStandalone target not found
Native extension for WebGL target not found
Refreshing native plugins compatible for Editor in 0.15 ms, found 0 plugins.
Preloading 0 native plugins for Editor in 0.00 ms.
Mono: successfully reloaded assembly
- Completed reload, in  0.593 seconds
Platform modules already initialized, skipping
Refreshing native plugins compatible for Editor in 0.15 ms, found 0 plugins.
Preloading 0 native plugins for Editor in 0.00 ms.
Unloading 1118 Unused Serialized files (Serialized files now loaded: 0)
System memory in use before: 72.8 MB.
System memory in use after: 72.8 MB.

Unloading 5 unused Assets to reduce memory usage. Loaded Objects now: 1663.
Total: 1.237600 ms (FindLiveObjects: 0.104000 ms CreateObjectMapping: 0.028900 ms MarkObjects: 1.062900 ms  DeleteObjects: 0.041200 ms)

========================================================================
Received Prepare
Registering precompiled user dll's ...
Registered in 0.000487 seconds.
Begin MonoManager ReloadAssembly
Native extension for WindowsStandalone target not found
Native extension for OSXStandalone target not found
Native extension for WebGL target not found
Refreshing native plugins compatible for Editor in 0.16 ms, found 0 plugins.
Preloading 0 native plugins for Editor in 0.00 ms.
Mono: successfully reloaded assembly
- Completed reload, in  0.611 seconds
Platform modules already initialized, skipping
Refreshing native plugins compatible for Editor in 0.15 ms, found 0 plugins.
Preloading 0 native plugins for Editor in 0.00 ms.
Unloading 1118 Unused Serialized files (Serialized files now loaded: 0)
System memory in use before: 72.8 MB.
System memory in use after: 72.8 MB.

Unloading 5 unused Assets to reduce memory usage. Loaded Objects now: 1666.
Total: 1.251900 ms (FindLiveObjects: 0.117800 ms CreateObjectMapping: 0.029500 ms MarkObjects: 1.057800 ms  DeleteObjects: 0.045000 ms)

========================================================================
Received Prepare
Registering precompiled user dll's ...
Registered in 0.000656 seconds.
Begin MonoManager ReloadAssembly
Native extension for WindowsStandalone target not found
Native extension for OSXStandalone target not found
Native extension for WebGL target not found
Refreshing native plugins compatible for Editor in 0.16 ms, found 0 plugins.
Preloading 0 native plugins for Editor in 0.00 ms.
Mono: successfully reloaded assembly
- Completed reload, in  0.595 seconds
Platform modules already initialized, skipping
Refreshing native plugins compatible for Editor in 0.15 ms, found 0 plugins.
Preloading 0 native plugins for Editor in 0.00 ms.
Unloading 1118 Unused Serialized files (Serialized files now loaded: 0)
System memory in use before: 72.8 MB.
System memory in use after: 72.8 MB.

Unloading 5 unused Assets to reduce memory usage. Loaded Objects now: 1669.
Total: 1.272800 ms (FindLiveObjects: 0.116900 ms CreateObjectMapping: 0.030000 ms MarkObjects: 1.081800 ms  DeleteObjects: 0.043400 ms)

========================================================================
Received Prepare
Registering precompiled user dll's ...
Registered in 0.000480 seconds.
Begin MonoManager ReloadAssembly
Native extension for WindowsStandalone target not found
Native extension for OSXStandalone target not found
Native extension for WebGL target not found
Refreshing native plugins compatible for Editor in 0.17 ms, found 0 plugins.
Preloading 0 native plugins for Editor in 0.00 ms.
Mono: successfully reloaded assembly
- Completed reload, in  0.591 seconds
Platform modules already initialized, skipping
Refreshing native plugins compatible for Editor in 0.16 ms, found 0 plugins.
Preloading 0 native plugins for Editor in 0.00 ms.
Unloading 1118 Unused Serialized files (Serialized files now loaded: 0)
System memory in use before: 72.8 MB.
System memory in use after: 72.9 MB.

Unloading 5 unused Assets to reduce memory usage. Loaded Objects now: 1672.
Total: 1.405900 ms (FindLiveObjects: 0.169900 ms CreateObjectMapping: 0.049700 ms MarkObjects: 1.141000 ms  DeleteObjects: 0.044100 ms)

========================================================================
Received Prepare
Registering precompiled user dll's ...
Registered in 0.000731 seconds.
Begin MonoManager ReloadAssembly
Native extension for WindowsStandalone target not found
Native extension for OSXStandalone target not found
Native extension for WebGL target not found
Refreshing native plugins compatible for Editor in 0.16 ms, found 0 plugins.
Preloading 0 native plugins for Editor in 0.00 ms.
Mono: successfully reloaded assembly
- Completed reload, in  0.693 seconds
Platform modules already initialized, skipping
Refreshing native plugins compatible for Editor in 0.17 ms, found 0 plugins.
Preloading 0 native plugins for Editor in 0.00 ms.
Unloading 1118 Unused Serialized files (Serialized files now loaded: 0)
System memory in use before: 72.8 MB.
System memory in use after: 72.9 MB.

Unloading 5 unused Assets to reduce memory usage. Loaded Objects now: 1675.
Total: 1.292600 ms (FindLiveObjects: 0.116100 ms CreateObjectMapping: 0.029500 ms MarkObjects: 1.104800 ms  DeleteObjects: 0.041600 ms)

========================================================================
Received Prepare
Registering precompiled user dll's ...
Registered in 0.000508 seconds.
Begin MonoManager ReloadAssembly
Native extension for WindowsStandalone target not found
Native extension for OSXStandalone target not found
Native extension for WebGL target not found
Refreshing native plugins compatible for Editor in 0.16 ms, found 0 plugins.
Preloading 0 native plugins for Editor in 0.00 ms.
Mono: successfully reloaded assembly
- Completed reload, in  0.602 seconds
Platform modules already initialized, skipping
Refreshing native plugins compatible for Editor in 0.15 ms, found 0 plugins.
Preloading 0 native plugins for Editor in 0.00 ms.
Unloading 1118 Unused Serialized files (Serialized files now loaded: 0)
System memory in use before: 72.8 MB.
System memory in use after: 72.9 MB.

Unloading 5 unused Assets to reduce memory usage. Loaded Objects now: 1678.
Total: 1.347600 ms (FindLiveObjects: 0.172100 ms CreateObjectMapping: 0.043900 ms MarkObjects: 1.089900 ms  DeleteObjects: 0.041100 ms)

========================================================================
Received Prepare
Registering precompiled user dll's ...
Registered in 0.000498 seconds.
Begin MonoManager ReloadAssembly
Native extension for WindowsStandalone target not found
Native extension for OSXStandalone target not found
Native extension for WebGL target not found
Refreshing native plugins compatible for Editor in 0.16 ms, found 0 plugins.
Preloading 0 native plugins for Editor in 0.00 ms.
Mono: successfully reloaded assembly
- Completed reload, in  0.599 seconds
Platform modules already initialized, skipping
Refreshing native plugins compatible for Editor in 0.15 ms, found 0 plugins.
Preloading 0 native plugins for Editor in 0.00 ms.
Unloading 1118 Unused Serialized files (Serialized files now loaded: 0)
System memory in use before: 72.8 MB.
System memory in use after: 72.9 MB.

Unloading 5 unused Assets to reduce memory usage. Loaded Objects now: 1681.
Total: 1.203600 ms (FindLiveObjects: 0.107200 ms CreateObjectMapping: 0.026200 ms MarkObjects: 1.025000 ms  DeleteObjects: 0.044500 ms)

========================================================================
Received Prepare
Registering precompiled user dll's ...
Registered in 0.000486 seconds.
Begin MonoManager ReloadAssembly
Native extension for WindowsStandalone target not found
Native extension for OSXStandalone target not found
Native extension for WebGL target not found
Refreshing native plugins compatible for Editor in 0.15 ms, found 0 plugins.
Preloading 0 native plugins for Editor in 0.00 ms.
Mono: successfully reloaded assembly
- Completed reload, in  0.602 seconds
Platform modules already initialized, skipping
Refreshing native plugins compatible for Editor in 0.15 ms, found 0 plugins.
Preloading 0 native plugins for Editor in 0.00 ms.
Unloading 1118 Unused Serialized files (Serialized files now loaded: 0)
System memory in use before: 72.8 MB.
System memory in use after: 72.9 MB.

Unloading 5 unused Assets to reduce memory usage. Loaded Objects now: 1684.
Total: 1.182700 ms (FindLiveObjects: 0.113000 ms CreateObjectMapping: 0.028600 ms MarkObjects: 0.997800 ms  DeleteObjects: 0.042200 ms)

========================================================================
Received Prepare
Registering precompiled user dll's ...
Registered in 0.000491 seconds.
Begin MonoManager ReloadAssembly
Native extension for WindowsStandalone target not found
Native extension for OSXStandalone target not found
Native extension for WebGL target not found
Refreshing native plugins compatible for Editor in 0.16 ms, found 0 plugins.
Preloading 0 native plugins for Editor in 0.00 ms.
Mono: successfully reloaded assembly
- Completed reload, in  0.578 seconds
Platform modules already initialized, skipping
Refreshing native plugins compatible for Editor in 0.15 ms, found 0 plugins.
Preloading 0 native plugins for Editor in 0.00 ms.
Unloading 1118 Unused Serialized files (Serialized files now loaded: 0)
System memory in use before: 72.8 MB.
System memory in use after: 72.9 MB.

Unloading 5 unused Assets to reduce memory usage. Loaded Objects now: 1687.
Total: 1.181600 ms (FindLiveObjects: 0.118900 ms CreateObjectMapping: 0.030300 ms MarkObjects: 0.986600 ms  DeleteObjects: 0.044500 ms)

========================================================================
Received Prepare
Registering precompiled user dll's ...
Registered in 0.000500 seconds.
Begin MonoManager ReloadAssembly
Native extension for WindowsStandalone target not found
Native extension for OSXStandalone target not found
Native extension for WebGL target not found
Refreshing native plugins compatible for Editor in 0.17 ms, found 0 plugins.
Preloading 0 native plugins for Editor in 0.00 ms.
Mono: successfully reloaded assembly
- Completed reload, in  0.586 seconds
Platform modules already initialized, skipping
Refreshing native plugins compatible for Editor in 0.15 ms, found 0 plugins.
Preloading 0 native plugins for Editor in 0.00 ms.
Unloading 1118 Unused Serialized files (Serialized files now loaded: 0)
System memory in use before: 72.8 MB.
System memory in use after: 72.9 MB.

Unloading 5 unused Assets to reduce memory usage. Loaded Objects now: 1690.
Total: 1.330100 ms (FindLiveObjects: 0.191700 ms CreateObjectMapping: 0.052100 ms MarkObjects: 1.046300 ms  DeleteObjects: 0.039400 ms)

========================================================================
Received Prepare
Registering precompiled user dll's ...
Registered in 0.000456 seconds.
Begin MonoManager ReloadAssembly
Native extension for WindowsStandalone target not found
Native extension for OSXStandalone target not found
Native extension for WebGL target not found
Refreshing native plugins compatible for Editor in 0.16 ms, found 0 plugins.
Preloading 0 native plugins for Editor in 0.00 ms.
Mono: successfully reloaded assembly
- Completed reload, in  0.599 seconds
Platform modules already initialized, skipping
Refreshing native plugins compatible for Editor in 0.16 ms, found 0 plugins.
Preloading 0 native plugins for Editor in 0.00 ms.
Unloading 1118 Unused Serialized files (Serialized files now loaded: 0)
System memory in use before: 72.8 MB.
System memory in use after: 72.9 MB.

Unloading 5 unused Assets to reduce memory usage. Loaded Objects now: 1693.
Total: 2.378500 ms (FindLiveObjects: 0.243300 ms CreateObjectMapping: 0.070900 ms MarkObjects: 2.020000 ms  DeleteObjects: 0.043300 ms)

========================================================================
Received Prepare
Registering precompiled user dll's ...
Registered in 0.000436 seconds.
Begin MonoManager ReloadAssembly
Native extension for WindowsStandalone target not found
Native extension for OSXStandalone target not found
Native extension for WebGL target not found
Refreshing native plugins compatible for Editor in 0.15 ms, found 0 plugins.
Preloading 0 native plugins for Editor in 0.00 ms.
Mono: successfully reloaded assembly
- Completed reload, in  0.577 seconds
Platform modules already initialized, skipping
Refreshing native plugins compatible for Editor in 0.15 ms, found 0 plugins.
Preloading 0 native plugins for Editor in 0.00 ms.
Unloading 1118 Unused Serialized files (Serialized files now loaded: 0)
System memory in use before: 72.8 MB.
System memory in use after: 72.9 MB.

Unloading 5 unused Assets to reduce memory usage. Loaded Objects now: 1696.
Total: 1.283200 ms (FindLiveObjects: 0.120500 ms CreateObjectMapping: 0.034600 ms MarkObjects: 1.081600 ms  DeleteObjects: 0.045400 ms)

AssetImportWorkerClient::OnTransportError - code=2 error=End of file
